[2021/10/24 11:46:09.334] - Starting server with initial configuration: {"gasLimit":6721975,"gasPrice":20000000000,"hardfork":"muirGlacier","hostname":"127.0.0.1","port":8545,"network_id":5777,"default_balance_ether":100,"total_accounts":10,"unlocked_accounts":[],"locked":false,"vmErrorsOnRPCResponse":true,"verbose":false,"db_path":"C:\\Users\\Sebastian\\AppData\\Roaming\\Ganache\\workspaces\\lab-crypto\\chaindata","logDirectory":"C:\\Users\\Sebastian\\Desktop\\Blockchain project\\logs"}
[2021/10/24 11:46:09.390] - eth_subscribe
[2021/10/24 11:46:09.391] - eth_getLogs
[2021/10/24 11:46:09.391] - eth_subscribe
[2021/10/24 11:46:09.392] - eth_getCode
[2021/10/24 11:46:09.407] - eth_subscribe
[2021/10/24 11:46:09.407] - eth_getLogs
[2021/10/24 11:46:09.408] - eth_subscribe
[2021/10/24 11:46:09.408] - eth_getCode
[2021/10/24 11:46:09.467] - eth_blockNumber
[2021/10/24 11:46:09.468] - eth_accounts
[2021/10/24 11:46:09.468] - eth_gasPrice
[2021/10/24 11:46:09.469] - eth_getBlockByNumber
[2021/10/24 11:46:09.469] - eth_subscribe
[2021/10/24 11:46:09.482] - eth_accounts
[2021/10/24 11:46:09.503] - eth_getBalance
[2021/10/24 11:46:09.507] - eth_getTransactionCount
[2021/10/24 11:46:09.510] - eth_getBalance
[2021/10/24 11:46:09.514] - eth_getTransactionCount
[2021/10/24 11:46:09.520] - eth_getBalance
[2021/10/24 11:46:09.525] - eth_getTransactionCount
[2021/10/24 11:46:09.529] - eth_getBalance
[2021/10/24 11:46:09.536] - eth_getTransactionCount
[2021/10/24 11:46:09.540] - eth_getBalance
[2021/10/24 11:46:09.544] - eth_getTransactionCount
[2021/10/24 11:46:09.548] - eth_getBalance
[2021/10/24 11:46:09.552] - eth_getTransactionCount
[2021/10/24 11:46:09.555] - eth_getBalance
[2021/10/24 11:46:09.560] - eth_getTransactionCount
[2021/10/24 11:46:09.564] - eth_getBalance
[2021/10/24 11:46:09.571] - eth_getTransactionCount
[2021/10/24 11:46:09.576] - eth_getBalance
[2021/10/24 11:46:09.579] - eth_getTransactionCount
[2021/10/24 11:46:09.582] - eth_getBalance
[2021/10/24 11:46:09.586] - eth_getTransactionCount
[2021/10/24 11:46:09.590] - eth_blockNumber
[2021/10/24 11:46:09.591] - eth_accounts
[2021/10/24 11:46:09.591] - eth_gasPrice
[2021/10/24 11:46:09.592] - eth_getBlockByNumber
[2021/10/24 11:46:09.592] - eth_subscribe
[2021/10/24 11:46:09.650] - eth_getBalance
[2021/10/24 11:46:09.654] - eth_getTransactionCount
[2021/10/24 11:46:09.658] - eth_getBalance
[2021/10/24 11:46:09.661] - eth_getTransactionCount
[2021/10/24 11:46:09.665] - eth_getBalance
[2021/10/24 11:46:09.669] - eth_getTransactionCount
[2021/10/24 11:46:09.673] - eth_getBalance
[2021/10/24 11:46:09.677] - eth_getTransactionCount
[2021/10/24 11:46:09.680] - eth_getBalance
[2021/10/24 11:46:09.683] - eth_getTransactionCount
[2021/10/24 11:46:09.688] - eth_getBalance
[2021/10/24 11:46:09.690] - eth_getTransactionCount
[2021/10/24 11:46:09.695] - eth_getBalance
[2021/10/24 11:46:09.699] - eth_getTransactionCount
[2021/10/24 11:46:09.702] - eth_getBalance
[2021/10/24 11:46:09.705] - eth_getTransactionCount
[2021/10/24 11:46:09.709] - eth_getBalance
[2021/10/24 11:46:09.712] - eth_getTransactionCount
[2021/10/24 11:46:09.715] - eth_getBalance
[2021/10/24 11:46:09.719] - eth_getTransactionCount
[2021/10/24 11:46:09.725] - eth_getBalance
[2021/10/24 11:46:09.729] - eth_getTransactionCount
[2021/10/24 11:46:09.732] - eth_getBalance
[2021/10/24 11:46:09.736] - eth_getTransactionCount
[2021/10/24 11:46:09.741] - eth_getBalance
[2021/10/24 11:46:09.745] - eth_getTransactionCount
[2021/10/24 11:46:09.749] - eth_getBalance
[2021/10/24 11:46:09.752] - eth_getTransactionCount
[2021/10/24 11:46:09.756] - eth_getBalance
[2021/10/24 11:46:09.760] - eth_getTransactionCount
[2021/10/24 11:46:09.764] - eth_getBalance
[2021/10/24 11:46:09.768] - eth_getTransactionCount
[2021/10/24 11:46:09.773] - eth_getBalance
[2021/10/24 11:46:09.777] - eth_getTransactionCount
[2021/10/24 11:46:09.781] - eth_getBalance
[2021/10/24 11:46:09.785] - eth_getTransactionCount
[2021/10/24 11:46:09.791] - eth_getBalance
[2021/10/24 11:46:09.795] - eth_getTransactionCount
[2021/10/24 11:46:09.800] - eth_getBalance
[2021/10/24 11:46:09.804] - eth_getTransactionCount
[2021/10/24 11:46:09.810] - eth_getBalance
[2021/10/24 11:46:09.815] - eth_getTransactionCount
[2021/10/24 11:46:09.820] - eth_getBalance
[2021/10/24 11:46:09.824] - eth_getTransactionCount
[2021/10/24 11:46:09.828] - eth_getBalance
[2021/10/24 11:46:09.831] - eth_getTransactionCount
[2021/10/24 11:46:09.836] - eth_getBalance
[2021/10/24 11:46:09.840] - eth_getTransactionCount
[2021/10/24 11:46:09.845] - eth_getBalance
[2021/10/24 11:46:09.848] - eth_getTransactionCount
[2021/10/24 11:46:09.853] - eth_getBalance
[2021/10/24 11:46:09.857] - eth_getTransactionCount
[2021/10/24 11:46:09.860] - eth_getBalance
[2021/10/24 11:46:09.864] - eth_getTransactionCount
[2021/10/24 11:46:09.869] - eth_getBalance
[2021/10/24 11:46:09.873] - eth_getTransactionCount
[2021/10/24 11:46:09.878] - eth_getBalance
[2021/10/24 11:46:09.884] - eth_getTransactionCount
[2021/10/24 11:46:09.888] - eth_getBalance
[2021/10/24 11:46:09.895] - eth_getTransactionCount
[2021/10/24 11:46:11.399] - eth_getBlockByNumber
[2021/10/24 11:46:11.416] - eth_getTransactionReceipt
[2021/10/24 11:46:11.433] - eth_getBlockByNumber
[2021/10/24 11:46:11.447] - eth_getTransactionReceipt
[2021/10/24 11:46:11.465] - eth_getBlockByNumber
[2021/10/24 11:46:11.478] - eth_getTransactionReceipt
[2021/10/24 11:46:11.500] - eth_getBlockByNumber
[2021/10/24 11:46:11.525] - eth_getTransactionReceipt
[2021/10/24 11:46:11.545] - eth_getBlockByNumber
[2021/10/24 11:46:11.558] - eth_getTransactionReceipt
[2021/10/24 11:46:11.578] - eth_getBlockByNumber
[2021/10/24 11:46:11.603] - eth_getTransactionReceipt
[2021/10/24 11:46:11.622] - eth_getBlockByNumber
[2021/10/24 11:46:11.634] - eth_getTransactionReceipt
[2021/10/24 11:46:11.653] - eth_getBlockByNumber
[2021/10/24 11:46:11.665] - eth_getTransactionReceipt
[2021/10/24 11:46:11.684] - eth_getBlockByNumber
[2021/10/24 11:46:11.695] - eth_getTransactionReceipt
[2021/10/24 11:46:11.716] - eth_getBlockByNumber
[2021/10/24 11:46:11.727] - eth_getTransactionReceipt
[2021/10/24 11:46:11.748] - eth_getBlockByNumber
[2021/10/24 11:46:11.759] - eth_getTransactionReceipt
[2021/10/24 11:47:31.015] - eth_getBlockByNumber
[2021/10/24 11:47:31.047] - eth_getTransactionReceipt
[2021/10/24 11:47:31.078] - eth_getBlockByNumber
[2021/10/24 11:47:31.105] - eth_getTransactionReceipt
[2021/10/24 11:47:31.126] - eth_getBlockByNumber
[2021/10/24 11:47:31.153] - eth_getTransactionReceipt
[2021/10/24 11:47:31.174] - eth_getBlockByNumber
[2021/10/24 11:47:31.199] - eth_getTransactionReceipt
[2021/10/24 11:47:31.227] - eth_getBlockByNumber
[2021/10/24 11:47:31.246] - eth_getTransactionReceipt
[2021/10/24 11:47:31.266] - eth_getBlockByNumber
[2021/10/24 11:47:31.294] - eth_getTransactionReceipt
[2021/10/24 11:47:31.315] - eth_getBlockByNumber
[2021/10/24 11:47:31.341] - eth_getTransactionReceipt
[2021/10/24 11:47:31.360] - eth_getBlockByNumber
[2021/10/24 11:47:31.372] - eth_getTransactionReceipt
[2021/10/24 11:47:31.395] - eth_getBlockByNumber
[2021/10/24 11:47:31.419] - eth_getTransactionReceipt
[2021/10/24 11:47:31.440] - eth_getBlockByNumber
[2021/10/24 11:47:31.467] - eth_getTransactionReceipt
[2021/10/24 11:47:31.497] - eth_getBlockByNumber
[2021/10/24 11:47:31.513] - eth_getTransactionReceipt
[2021/10/24 11:49:34.468] - net_version
[2021/10/24 11:49:34.495] - eth_blockNumber
[2021/10/24 11:49:34.502] - eth_call
[2021/10/24 11:49:39.886] - net_version
[2021/10/24 11:49:41.481] - eth_getCode
[2021/10/24 11:49:41.499] - eth_gasPrice
[2021/10/24 11:49:41.543] - eth_getBlockByNumber
[2021/10/24 11:49:41.579] - eth_estimateGas
[2021/10/24 11:49:42.150] - eth_blockNumber
[2021/10/24 11:49:42.189] - eth_getBalance
[2021/10/24 11:49:42.195] - eth_getBalance
[2021/10/24 11:49:42.532] - eth_getTransactionCount
[2021/10/24 11:49:55.439] - net_version
[2021/10/24 11:49:57.467] - eth_blockNumber
[2021/10/24 11:49:57.573] - eth_blockNumber
[2021/10/24 11:50:02.222] - eth_blockNumber
[2021/10/24 11:50:05.558] - eth_unsubscribe
[2021/10/24 11:50:05.559] - eth_unsubscribe
