[2021/10/24 11:29:40.148] - Starting server with initial configuration: {"gasLimit":6721975,"gasPrice":20000000000,"hardfork":"muirGlacier","hostname":"127.0.0.1","port":8545,"network_id":5777,"default_balance_ether":100,"total_accounts":10,"unlocked_accounts":[],"locked":false,"vmErrorsOnRPCResponse":true,"verbose":false,"db_path":"C:\\Users\\Sebastian\\AppData\\Roaming\\Ganache\\workspaces\\lab-crypto\\chaindata","logDirectory":"C:\\Users\\Sebastian\\Desktop\\Blockchain project\\logs"}
[2021/10/24 11:29:40.197] - eth_subscribe
[2021/10/24 11:29:40.198] - eth_getLogs
[2021/10/24 11:29:40.198] - eth_subscribe
[2021/10/24 11:29:40.199] - eth_getCode
[2021/10/24 11:29:40.245] - eth_getCode
[2021/10/24 11:29:40.246] - eth_subscribe
[2021/10/24 11:29:40.246] - eth_getLogs
[2021/10/24 11:29:40.246] - eth_subscribe
[2021/10/24 11:29:40.293] - eth_blockNumber
[2021/10/24 11:29:40.294] - eth_accounts
[2021/10/24 11:29:40.294] - eth_blockNumber
[2021/10/24 11:29:40.295] - eth_gasPrice
[2021/10/24 11:29:40.295] - eth_accounts
[2021/10/24 11:29:40.296] - eth_getBlockByNumber
[2021/10/24 11:29:40.296] - eth_gasPrice
[2021/10/24 11:29:40.297] - eth_subscribe
[2021/10/24 11:29:40.297] - eth_getBlockByNumber
[2021/10/24 11:29:40.298] - eth_subscribe
[2021/10/24 11:29:40.308] - eth_accounts
[2021/10/24 11:29:40.336] - eth_getBalance
[2021/10/24 11:29:40.340] - eth_getTransactionCount
[2021/10/24 11:29:40.344] - eth_getBalance
[2021/10/24 11:29:40.349] - eth_getTransactionCount
[2021/10/24 11:29:40.355] - eth_getBalance
[2021/10/24 11:29:40.357] - eth_getTransactionCount
[2021/10/24 11:29:40.360] - eth_getBalance
[2021/10/24 11:29:40.363] - eth_getTransactionCount
[2021/10/24 11:29:40.366] - eth_getBalance
[2021/10/24 11:29:40.369] - eth_getTransactionCount
[2021/10/24 11:29:40.372] - eth_getBalance
[2021/10/24 11:29:40.379] - eth_getTransactionCount
[2021/10/24 11:29:40.383] - eth_getBalance
[2021/10/24 11:29:40.388] - eth_getTransactionCount
[2021/10/24 11:29:40.392] - eth_getBalance
[2021/10/24 11:29:40.395] - eth_getTransactionCount
[2021/10/24 11:29:40.399] - eth_getBalance
[2021/10/24 11:29:40.402] - eth_getTransactionCount
[2021/10/24 11:29:40.406] - eth_getBalance
[2021/10/24 11:29:40.410] - eth_getTransactionCount
[2021/10/24 11:29:40.420] - eth_getBalance
[2021/10/24 11:29:40.422] - eth_getTransactionCount
[2021/10/24 11:29:40.426] - eth_getBalance
[2021/10/24 11:29:40.429] - eth_getTransactionCount
[2021/10/24 11:29:40.432] - eth_getBalance
[2021/10/24 11:29:40.434] - eth_getTransactionCount
[2021/10/24 11:29:40.437] - eth_getBalance
[2021/10/24 11:29:40.442] - eth_getTransactionCount
[2021/10/24 11:29:40.443] - eth_getBalance
[2021/10/24 11:29:40.447] - eth_getTransactionCount
[2021/10/24 11:29:40.450] - eth_getBalance
[2021/10/24 11:29:40.454] - eth_getTransactionCount
[2021/10/24 11:29:40.457] - eth_getBalance
[2021/10/24 11:29:40.460] - eth_getTransactionCount
[2021/10/24 11:29:40.463] - eth_getBalance
[2021/10/24 11:29:40.466] - eth_getTransactionCount
[2021/10/24 11:29:40.469] - eth_getBalance
[2021/10/24 11:29:40.474] - eth_getTransactionCount
[2021/10/24 11:29:40.476] - eth_getBalance
[2021/10/24 11:29:40.479] - eth_getTransactionCount
[2021/10/24 11:29:40.483] - eth_getBalance
[2021/10/24 11:29:40.488] - eth_getTransactionCount
[2021/10/24 11:29:40.491] - eth_getBalance
[2021/10/24 11:29:40.494] - eth_getTransactionCount
[2021/10/24 11:29:40.498] - eth_getBalance
[2021/10/24 11:29:40.501] - eth_getTransactionCount
[2021/10/24 11:29:40.504] - eth_getBalance
[2021/10/24 11:29:40.508] - eth_getTransactionCount
[2021/10/24 11:29:40.511] - eth_getBalance
[2021/10/24 11:29:40.516] - eth_getTransactionCount
[2021/10/24 11:29:40.519] - eth_getBalance
[2021/10/24 11:29:40.523] - eth_getTransactionCount
[2021/10/24 11:29:40.527] - eth_getBalance
[2021/10/24 11:29:40.531] - eth_getTransactionCount
[2021/10/24 11:29:40.535] - eth_getBalance
[2021/10/24 11:29:40.538] - eth_getTransactionCount
[2021/10/24 11:29:40.543] - eth_getBalance
[2021/10/24 11:29:40.545] - eth_getTransactionCount
[2021/10/24 11:29:40.549] - eth_getBalance
[2021/10/24 11:29:40.552] - eth_getTransactionCount
[2021/10/24 11:29:40.596] - eth_getBalance
[2021/10/24 11:29:40.599] - eth_getTransactionCount
[2021/10/24 11:29:40.602] - eth_getBalance
[2021/10/24 11:29:40.605] - eth_getTransactionCount
[2021/10/24 11:29:40.610] - eth_getBalance
[2021/10/24 11:29:40.611] - eth_getTransactionCount
[2021/10/24 11:29:40.614] - eth_getBalance
[2021/10/24 11:29:40.616] - eth_getTransactionCount
[2021/10/24 11:29:40.622] - eth_getBalance
[2021/10/24 11:29:40.622] - eth_getTransactionCount
[2021/10/24 11:29:40.626] - eth_getBalance
[2021/10/24 11:29:40.630] - eth_getTransactionCount
[2021/10/24 11:29:40.633] - eth_getBalance
[2021/10/24 11:29:40.636] - eth_getTransactionCount
[2021/10/24 11:29:40.654] - eth_getBalance
[2021/10/24 11:29:40.655] - eth_getTransactionCount
[2021/10/24 11:29:40.655] - eth_getBalance
[2021/10/24 11:29:40.656] - eth_getTransactionCount
[2021/10/24 11:29:40.656] - eth_getBalance
[2021/10/24 11:29:40.657] - eth_getTransactionCount
[2021/10/24 11:29:53.256] - net_version
[2021/10/24 11:29:53.273] - eth_blockNumber
[2021/10/24 11:29:53.282] - eth_call
[2021/10/24 11:29:53.392] - eth_call
[2021/10/24 11:30:01.931] - eth_getCode
[2021/10/24 11:30:01.934] - eth_call
[2021/10/24 11:30:02.586] - eth_blockNumber
[2021/10/24 11:30:02.596] - eth_getBalance
[2021/10/24 11:30:02.602] - eth_getBalance
[2021/10/24 11:30:02.891] - eth_gasPrice
[2021/10/24 11:30:03.028] - eth_getTransactionCount
[2021/10/24 11:30:05.726] - eth_sendRawTransaction
[2021/10/24 11:30:05.843] - 
[2021/10/24 11:30:05.843] -   Transaction: 0x0c04631af022dc76d659e1e56c89d8d1c95ce26a390e469268f562fd0923327b
[2021/10/24 11:30:05.843] -   Gas usage: 21046
[2021/10/24 11:30:05.844] -   Block Number: 111
[2021/10/24 11:30:05.844] -   Block Time: Sun Oct 24 2021 11:30:05 GMT-0500 (hora estándar de Colombia)
[2021/10/24 11:30:05.844] -   Runtime Error: revert
[2021/10/24 11:30:05.845] - 
[2021/10/24 11:30:05.848] - eth_getBlockByNumber
[2021/10/24 11:30:05.854] - eth_getBalance
[2021/10/24 11:30:05.859] - eth_getTransactionCount
[2021/10/24 11:30:05.862] - eth_getBalance
[2021/10/24 11:30:05.868] - eth_getTransactionCount
[2021/10/24 11:30:05.871] - eth_getBalance
[2021/10/24 11:30:05.873] - eth_getTransactionCount
[2021/10/24 11:30:05.874] - eth_getBalance
[2021/10/24 11:30:05.878] - eth_getTransactionCount
[2021/10/24 11:30:05.882] - eth_getBalance
[2021/10/24 11:30:05.886] - eth_getTransactionCount
[2021/10/24 11:30:05.890] - eth_getBalance
[2021/10/24 11:30:05.895] - eth_getTransactionCount
[2021/10/24 11:30:05.898] - eth_getBalance
[2021/10/24 11:30:05.902] - eth_getTransactionCount
[2021/10/24 11:30:05.906] - eth_getBalance
[2021/10/24 11:30:05.910] - eth_getTransactionCount
[2021/10/24 11:30:05.914] - eth_getBalance
[2021/10/24 11:30:05.918] - eth_getTransactionCount
[2021/10/24 11:30:05.922] - eth_getBalance
[2021/10/24 11:30:05.926] - eth_getTransactionCount
[2021/10/24 11:30:14.039] - net_version
[2021/10/24 11:30:17.135] - eth_blockNumber
[2021/10/24 11:30:17.151] - eth_getBlockByNumber
[2021/10/24 11:30:17.159] - eth_getBalance
[2021/10/24 11:30:17.160] - eth_getBalance
[2021/10/24 11:30:17.417] - eth_gasPrice
[2021/10/24 11:30:17.524] - eth_getTransactionCount
[2021/10/24 11:30:19.476] - eth_sendRawTransaction
[2021/10/24 11:30:19.618] - 
[2021/10/24 11:30:19.618] -   Transaction: 0xe6e9a22148d93178be70b75a4688df7964574ceaf937cc987eef77da5da8751d
[2021/10/24 11:30:19.618] -   Gas usage: 21046
[2021/10/24 11:30:19.619] -   Block Number: 112
[2021/10/24 11:30:19.619] -   Block Time: Sun Oct 24 2021 11:30:19 GMT-0500 (hora estándar de Colombia)
[2021/10/24 11:30:19.620] -   Runtime Error: revert
[2021/10/24 11:30:19.621] - 
[2021/10/24 11:30:19.622] - eth_getBlockByNumber
[2021/10/24 11:30:19.625] - eth_getBalance
[2021/10/24 11:30:19.634] - eth_getTransactionCount
[2021/10/24 11:30:19.641] - eth_getBalance
[2021/10/24 11:30:19.641] - eth_getTransactionCount
[2021/10/24 11:30:19.642] - eth_getBalance
[2021/10/24 11:30:19.645] - eth_getTransactionCount
[2021/10/24 11:30:19.650] - eth_getBalance
[2021/10/24 11:30:19.655] - eth_getTransactionCount
[2021/10/24 11:30:19.659] - eth_getBalance
[2021/10/24 11:30:19.665] - eth_getTransactionCount
[2021/10/24 11:30:19.669] - eth_getBalance
[2021/10/24 11:30:19.673] - eth_getTransactionCount
[2021/10/24 11:30:19.678] - eth_getBalance
[2021/10/24 11:30:19.682] - eth_getTransactionCount
[2021/10/24 11:30:19.686] - eth_getBalance
[2021/10/24 11:30:19.690] - eth_getTransactionCount
[2021/10/24 11:30:19.693] - eth_getBalance
[2021/10/24 11:30:19.698] - eth_getTransactionCount
[2021/10/24 11:30:19.704] - eth_getBalance
[2021/10/24 11:30:19.709] - eth_getTransactionCount
[2021/10/24 11:30:29.804] - eth_blockNumber
[2021/10/24 11:30:29.820] - eth_blockNumber
[2021/10/24 11:30:29.835] - eth_getBlockByNumber
[2021/10/24 11:30:29.854] - eth_getBalance
[2021/10/24 11:30:29.867] - eth_getBalance
[2021/10/24 11:30:40.155] - eth_blockNumber
[2021/10/24 11:30:40.278] - eth_blockNumber
[2021/10/24 11:30:49.830] - eth_blockNumber
[2021/10/24 11:30:55.178] - eth_getBalance
[2021/10/24 11:30:55.200] - eth_getTransactionReceipt
[2021/10/24 11:30:55.221] - eth_getBlockByNumber
[2021/10/24 11:30:55.270] - net_version
[2021/10/24 11:30:55.286] - eth_getCode
[2021/10/24 11:30:55.333] - net_version
[2021/10/24 11:30:55.349] - eth_getCode
[2021/10/24 11:30:55.365] - eth_getBlockByNumber
[2021/10/24 11:30:55.380] - eth_getBalance
[2021/10/24 11:30:55.396] - eth_getTransactionCount
[2021/10/24 11:30:55.412] - eth_getStorageAt
[2021/10/24 11:31:00.178] - eth_blockNumber
[2021/10/24 11:31:09.848] - eth_blockNumber
[2021/10/24 11:31:20.501] - eth_blockNumber
[2021/10/24 11:31:29.890] - eth_blockNumber
[2021/10/24 11:31:40.832] - eth_blockNumber
[2021/10/24 11:31:49.916] - eth_blockNumber
[2021/10/24 11:32:01.160] - eth_blockNumber
[2021/10/24 11:32:05.863] - net_version
[2021/10/24 11:32:05.884] - eth_accounts
[2021/10/24 11:32:05.918] - eth_getBlockByNumber
[2021/10/24 11:32:05.933] - eth_accounts
[2021/10/24 11:32:05.950] - eth_getBlockByNumber
[2021/10/24 11:32:05.959] - net_version
[2021/10/24 11:32:05.975] - eth_getBlockByNumber
[2021/10/24 11:32:05.992] - eth_getBlockByNumber
[2021/10/24 11:32:05.996] - net_version
[2021/10/24 11:32:06.009] - eth_estimateGas
[2021/10/24 11:32:06.190] - eth_getBlockByNumber
[2021/10/24 11:32:06.190] - eth_blockNumber
[2021/10/24 11:32:06.196] - net_version
[2021/10/24 11:32:06.212] - eth_sendTransaction
[2021/10/24 11:32:06.373] - 
[2021/10/24 11:32:06.373] -   Transaction: 0xb2474a144ee367bfe129255ffc97b6816e31dc9fb1dbc96f11e1da2722b43399
[2021/10/24 11:32:06.374] -   Contract created: 0xdddb32a1572df53c9e894f79de83f4c14a8a4e00
[2021/10/24 11:32:06.374] -   Gas usage: 179719
[2021/10/24 11:32:06.374] -   Block Number: 113
[2021/10/24 11:32:06.375] -   Block Time: Sun Oct 24 2021 11:32:06 GMT-0500 (hora estándar de Colombia)
[2021/10/24 11:32:06.375] - 
[2021/10/24 11:32:06.376] - eth_getBlockByNumber
[2021/10/24 11:32:06.377] - eth_getTransactionReceipt
[2021/10/24 11:32:06.388] - eth_getBalance
[2021/10/24 11:32:06.401] - eth_getCode
[2021/10/24 11:32:06.402] - eth_getTransactionCount
[2021/10/24 11:32:06.402] - eth_getBalance
[2021/10/24 11:32:06.407] - eth_getTransactionCount
[2021/10/24 11:32:06.411] - eth_getTransactionByHash
[2021/10/24 11:32:06.424] - eth_getBalance
[2021/10/24 11:32:06.425] - eth_getBalance
[2021/10/24 11:32:06.426] - eth_getTransactionCount
[2021/10/24 11:32:06.431] - eth_getBalance
[2021/10/24 11:32:06.439] - eth_getTransactionCount
[2021/10/24 11:32:06.443] - eth_getBlockByNumber
[2021/10/24 11:32:06.448] - eth_getBalance
[2021/10/24 11:32:06.451] - eth_accounts
[2021/10/24 11:32:06.453] - eth_getTransactionCount
[2021/10/24 11:32:06.460] - eth_getBlockByNumber
[2021/10/24 11:32:06.468] - eth_getBalance
[2021/10/24 11:32:06.470] - eth_getBlockByNumber
[2021/10/24 11:32:06.477] - eth_getBlockByNumber
[2021/10/24 11:32:06.483] - eth_getTransactionCount
[2021/10/24 11:32:06.487] - eth_estimateGas
[2021/10/24 11:32:06.493] - eth_getBalance
[2021/10/24 11:32:06.501] - eth_getTransactionCount
[2021/10/24 11:32:06.502] - eth_getBalance
[2021/10/24 11:32:06.505] - eth_getTransactionCount
[2021/10/24 11:32:06.523] - eth_getBalance
[2021/10/24 11:32:06.523] - eth_getTransactionCount
[2021/10/24 11:32:06.524] - eth_getBalance
[2021/10/24 11:32:06.524] - eth_getTransactionCount
[2021/10/24 11:32:06.878] - eth_getBlockByNumber
[2021/10/24 11:32:06.879] - eth_blockNumber
[2021/10/24 11:32:06.976] - eth_sendTransaction
[2021/10/24 11:32:07.197] - 
[2021/10/24 11:32:07.197] -   Transaction: 0x563317c44b54f5435f5edb2e03e483b40c312fab4d11882f6208df61270bc21f
[2021/10/24 11:32:07.198] -   Contract created: 0xaf5d5e552d1b42184ca1a1fd25828d90b173f0dc
[2021/10/24 11:32:07.198] -   Gas usage: 519394
[2021/10/24 11:32:07.198] -   Block Number: 114
[2021/10/24 11:32:07.200] -   Block Time: Sun Oct 24 2021 11:32:06 GMT-0500 (hora estándar de Colombia)
[2021/10/24 11:32:07.201] - 
[2021/10/24 11:32:07.206] - eth_getBlockByNumber
[2021/10/24 11:32:07.209] - eth_getTransactionReceipt
[2021/10/24 11:32:07.210] - eth_getBalance
[2021/10/24 11:32:07.215] - eth_getTransactionCount
[2021/10/24 11:32:07.218] - eth_getCode
[2021/10/24 11:32:07.224] - eth_getBalance
[2021/10/24 11:32:07.229] - eth_getTransactionCount
[2021/10/24 11:32:07.231] - eth_getTransactionByHash
[2021/10/24 11:32:07.236] - eth_getBalance
[2021/10/24 11:32:07.239] - eth_getBalance
[2021/10/24 11:32:07.242] - eth_getTransactionCount
[2021/10/24 11:32:07.249] - eth_getBalance
[2021/10/24 11:32:07.259] - eth_getTransactionCount
[2021/10/24 11:32:07.268] - eth_getBalance
[2021/10/24 11:32:07.277] - eth_getTransactionCount
[2021/10/24 11:32:07.286] - eth_getBalance
[2021/10/24 11:32:07.294] - eth_getTransactionCount
[2021/10/24 11:32:07.300] - eth_getBalance
[2021/10/24 11:32:07.307] - eth_getTransactionCount
[2021/10/24 11:32:07.314] - eth_getBalance
[2021/10/24 11:32:07.318] - eth_getTransactionCount
[2021/10/24 11:32:07.324] - eth_getBalance
[2021/10/24 11:32:07.329] - eth_getTransactionCount
[2021/10/24 11:32:07.337] - eth_getBalance
[2021/10/24 11:32:07.340] - eth_getTransactionCount
[2021/10/24 11:32:09.941] - eth_blockNumber
[2021/10/24 11:32:09.962] - eth_getBlockByNumber
[2021/10/24 11:32:09.974] - eth_getBalance
[2021/10/24 11:32:10.000] - eth_getBalance
[2021/10/24 11:32:12.278] - eth_blockNumber
[2021/10/24 11:32:14.086] - net_version
[2021/10/24 11:32:14.101] - eth_accounts
[2021/10/24 11:32:14.138] - eth_getBlockByNumber
[2021/10/24 11:32:14.162] - eth_accounts
[2021/10/24 11:32:14.179] - eth_getBlockByNumber
[2021/10/24 11:32:14.189] - net_version
[2021/10/24 11:32:14.203] - eth_getBlockByNumber
[2021/10/24 11:32:14.220] - eth_getBlockByNumber
[2021/10/24 11:32:14.234] - net_version
[2021/10/24 11:32:14.251] - eth_estimateGas
[2021/10/24 11:32:14.506] - eth_getBlockByNumber
[2021/10/24 11:32:14.507] - eth_blockNumber
[2021/10/24 11:32:14.510] - net_version
[2021/10/24 11:32:14.530] - eth_sendTransaction
[2021/10/24 11:32:14.673] - 
[2021/10/24 11:32:14.674] -   Transaction: 0x0c728384644ef38752ceb0f91069dcbfa85c21e43dbd6fd370f020666380b5ee
[2021/10/24 11:32:14.674] -   Contract created: 0xb656b29c0f2c32c26237a565b955e137d759ed9e
[2021/10/24 11:32:14.675] -   Gas usage: 179719
[2021/10/24 11:32:14.675] -   Block Number: 115
[2021/10/24 11:32:14.676] -   Block Time: Sun Oct 24 2021 11:32:14 GMT-0500 (hora estándar de Colombia)
[2021/10/24 11:32:14.676] - 
[2021/10/24 11:32:14.677] - eth_getBlockByNumber
[2021/10/24 11:32:14.679] - eth_getTransactionReceipt
[2021/10/24 11:32:14.687] - eth_getBalance
[2021/10/24 11:32:14.688] - eth_getCode
[2021/10/24 11:32:14.694] - eth_getTransactionCount
[2021/10/24 11:32:14.697] - eth_getTransactionByHash
[2021/10/24 11:32:14.702] - eth_getBalance
[2021/10/24 11:32:14.704] - eth_getBalance
[2021/10/24 11:32:14.708] - eth_getTransactionCount
[2021/10/24 11:32:14.718] - eth_getBalance
[2021/10/24 11:32:14.724] - eth_getBlockByNumber
[2021/10/24 11:32:14.727] - eth_getTransactionCount
[2021/10/24 11:32:14.730] - eth_accounts
[2021/10/24 11:32:14.744] - eth_getBalance
[2021/10/24 11:32:14.793] - eth_getTransactionCount
[2021/10/24 11:32:14.794] - eth_getBlockByNumber
[2021/10/24 11:32:14.801] - eth_getBalance
[2021/10/24 11:32:14.806] - eth_getTransactionCount
[2021/10/24 11:32:14.813] - eth_getBlockByNumber
[2021/10/24 11:32:14.816] - eth_getBalance
[2021/10/24 11:32:14.817] - eth_getBlockByNumber
[2021/10/24 11:32:14.820] - eth_getTransactionCount
[2021/10/24 11:32:14.824] - eth_estimateGas
[2021/10/24 11:32:14.831] - eth_getBalance
[2021/10/24 11:32:14.833] - eth_getTransactionCount
[2021/10/24 11:32:14.837] - eth_getBalance
[2021/10/24 11:32:14.855] - eth_getTransactionCount
[2021/10/24 11:32:14.856] - eth_getBalance
[2021/10/24 11:32:14.858] - eth_getTransactionCount
[2021/10/24 11:32:14.864] - eth_getBalance
[2021/10/24 11:32:14.870] - eth_getTransactionCount
[2021/10/24 11:32:15.196] - eth_getBlockByNumber
[2021/10/24 11:32:15.198] - eth_blockNumber
[2021/10/24 11:32:15.290] - eth_sendTransaction
[2021/10/24 11:32:15.469] - 
[2021/10/24 11:32:15.470] -   Transaction: 0xdf7b2be9332ab46a6eaaf4007477369d127dcb27dc8c7bcad5d756ce2330c256
[2021/10/24 11:32:15.470] -   Contract created: 0x9f823e94446a3b028c5f4e2b2ef282445e074f0d
[2021/10/24 11:32:15.471] -   Gas usage: 519394
[2021/10/24 11:32:15.471] -   Block Number: 116
[2021/10/24 11:32:15.471] -   Block Time: Sun Oct 24 2021 11:32:15 GMT-0500 (hora estándar de Colombia)
[2021/10/24 11:32:15.471] - 
[2021/10/24 11:32:15.474] - eth_getBlockByNumber
[2021/10/24 11:32:15.474] - eth_getTransactionReceipt
[2021/10/24 11:32:15.487] - eth_getBalance
[2021/10/24 11:32:15.489] - eth_getCode
[2021/10/24 11:32:15.492] - eth_getTransactionCount
[2021/10/24 11:32:15.500] - eth_getTransactionByHash
[2021/10/24 11:32:15.501] - eth_getBalance
[2021/10/24 11:32:15.506] - eth_getBalance
[2021/10/24 11:32:15.511] - eth_getTransactionCount
[2021/10/24 11:32:15.523] - eth_getBalance
[2021/10/24 11:32:15.551] - eth_getTransactionCount
[2021/10/24 11:32:15.559] - eth_getBalance
[2021/10/24 11:32:15.570] - eth_getTransactionCount
[2021/10/24 11:32:15.576] - eth_getBalance
[2021/10/24 11:32:15.587] - eth_getTransactionCount
[2021/10/24 11:32:15.594] - eth_getBalance
[2021/10/24 11:32:15.618] - eth_getTransactionCount
[2021/10/24 11:32:15.631] - eth_getBalance
[2021/10/24 11:32:15.643] - eth_getTransactionCount
[2021/10/24 11:32:15.657] - eth_getBalance
[2021/10/24 11:32:15.664] - eth_getTransactionCount
[2021/10/24 11:32:15.669] - eth_getBalance
[2021/10/24 11:32:15.675] - eth_getTransactionCount
[2021/10/24 11:32:15.681] - eth_getBalance
[2021/10/24 11:32:15.689] - eth_getTransactionCount
[2021/10/24 11:32:31.399] - net_version
[2021/10/24 11:32:31.417] - eth_call
[2021/10/24 11:32:37.160] - eth_blockNumber
[2021/10/24 11:32:37.178] - eth_getCode
[2021/10/24 11:32:37.194] - eth_call
[2021/10/24 11:32:37.847] - eth_blockNumber
[2021/10/24 11:32:37.854] - eth_getBalance
[2021/10/24 11:32:37.855] - eth_getBalance
[2021/10/24 11:32:38.158] - eth_gasPrice
[2021/10/24 11:32:38.241] - eth_getTransactionCount
[2021/10/24 11:32:40.618] - eth_sendRawTransaction
[2021/10/24 11:32:40.778] - 
[2021/10/24 11:32:40.779] -   Transaction: 0xf441c7009056e4e2e3977e26b4a93141ad35e8ab10ac72428b5cec1dd21f0804
[2021/10/24 11:32:40.779] -   Gas usage: 21046
[2021/10/24 11:32:40.779] -   Block Number: 117
[2021/10/24 11:32:40.779] -   Block Time: Sun Oct 24 2021 11:32:40 GMT-0500 (hora estándar de Colombia)
[2021/10/24 11:32:40.780] -   Runtime Error: revert
[2021/10/24 11:32:40.780] - 
[2021/10/24 11:32:40.781] - eth_getBlockByNumber
[2021/10/24 11:32:40.794] - eth_getBalance
[2021/10/24 11:32:40.801] - eth_getTransactionCount
[2021/10/24 11:32:40.808] - eth_getBalance
[2021/10/24 11:32:40.815] - eth_getTransactionCount
[2021/10/24 11:32:40.822] - eth_getBalance
[2021/10/24 11:32:40.828] - eth_getTransactionCount
[2021/10/24 11:32:40.836] - eth_getBalance
[2021/10/24 11:32:40.843] - eth_getTransactionCount
[2021/10/24 11:32:40.851] - eth_getBalance
[2021/10/24 11:32:40.859] - eth_getTransactionCount
[2021/10/24 11:32:40.864] - eth_getBalance
[2021/10/24 11:32:40.871] - eth_getTransactionCount
[2021/10/24 11:32:40.876] - eth_getBalance
[2021/10/24 11:32:40.883] - eth_getTransactionCount
[2021/10/24 11:32:40.891] - eth_getBalance
[2021/10/24 11:32:40.899] - eth_getTransactionCount
[2021/10/24 11:32:40.908] - eth_getBalance
[2021/10/24 11:32:40.914] - eth_getTransactionCount
[2021/10/24 11:32:40.921] - eth_getBalance
[2021/10/24 11:32:40.928] - eth_getTransactionCount
[2021/10/24 11:33:32.435] - net_version
[2021/10/24 11:33:32.455] - eth_accounts
[2021/10/24 11:33:32.488] - eth_getBlockByNumber
[2021/10/24 11:33:32.503] - eth_accounts
[2021/10/24 11:33:32.521] - eth_getBlockByNumber
[2021/10/24 11:33:32.532] - net_version
[2021/10/24 11:33:32.545] - eth_getBlockByNumber
[2021/10/24 11:33:32.561] - eth_getBlockByNumber
[2021/10/24 11:33:32.577] - net_version
[2021/10/24 11:33:32.594] - eth_estimateGas
[2021/10/24 11:33:32.773] - eth_getBlockByNumber
[2021/10/24 11:33:32.774] - eth_blockNumber
[2021/10/24 11:33:32.778] - net_version
[2021/10/24 11:33:32.797] - eth_sendTransaction
[2021/10/24 11:33:32.945] - 
[2021/10/24 11:33:32.946] -   Transaction: 0x46437ab66eacc0fcfaf1fb6ef8346cec51a3846ea14e5e727245540a275ca6d9
[2021/10/24 11:33:32.946] -   Contract created: 0xa324d698c872357264a2997c078213550f738d01
[2021/10/24 11:33:32.946] -   Gas usage: 179719
[2021/10/24 11:33:32.947] -   Block Number: 118
[2021/10/24 11:33:32.947] -   Block Time: Sun Oct 24 2021 11:33:32 GMT-0500 (hora estándar de Colombia)
[2021/10/24 11:33:32.947] - 
[2021/10/24 11:33:32.949] - eth_getBlockByNumber
[2021/10/24 11:33:32.950] - eth_getTransactionReceipt
[2021/10/24 11:33:32.971] - eth_getBalance
[2021/10/24 11:33:32.972] - eth_getTransactionCount
[2021/10/24 11:33:32.973] - eth_getCode
[2021/10/24 11:33:32.977] - eth_getBalance
[2021/10/24 11:33:32.985] - eth_getTransactionCount
[2021/10/24 11:33:32.986] - eth_getTransactionByHash
[2021/10/24 11:33:32.994] - eth_getBalance
[2021/10/24 11:33:32.996] - eth_getBalance
[2021/10/24 11:33:33.000] - eth_getTransactionCount
[2021/10/24 11:33:33.010] - eth_getBalance
[2021/10/24 11:33:33.014] - eth_getBlockByNumber
[2021/10/24 11:33:33.021] - eth_getTransactionCount
[2021/10/24 11:33:33.024] - eth_accounts
[2021/10/24 11:33:33.037] - eth_getBlockByNumber
[2021/10/24 11:33:33.049] - eth_getBalance
[2021/10/24 11:33:33.050] - eth_getBlockByNumber
[2021/10/24 11:33:33.060] - eth_getTransactionCount
[2021/10/24 11:33:33.065] - eth_getBlockByNumber
[2021/10/24 11:33:33.070] - eth_getBalance
[2021/10/24 11:33:33.074] - eth_estimateGas
[2021/10/24 11:33:33.081] - eth_getTransactionCount
[2021/10/24 11:33:33.084] - eth_getBalance
[2021/10/24 11:33:33.093] - eth_getTransactionCount
[2021/10/24 11:33:33.100] - eth_getBalance
[2021/10/24 11:33:33.108] - eth_getTransactionCount
[2021/10/24 11:33:33.116] - eth_getBalance
[2021/10/24 11:33:33.125] - eth_getTransactionCount
[2021/10/24 11:33:33.131] - eth_getBalance
[2021/10/24 11:33:33.136] - eth_getTransactionCount
[2021/10/24 11:33:33.380] - eth_getBlockByNumber
[2021/10/24 11:33:33.380] - eth_blockNumber
[2021/10/24 11:33:33.506] - eth_sendTransaction
[2021/10/24 11:33:33.705] - 
[2021/10/24 11:33:33.705] -   Transaction: 0xc5c96669ce3fa2593355c9dc1ecde75d9dffe2eac4c3d8a1797b72c75e9e9838
[2021/10/24 11:33:33.705] -   Contract created: 0x800b37a78e5cffce9c53d16543da342a2e9d7c9c
[2021/10/24 11:33:33.705] -   Gas usage: 519394
[2021/10/24 11:33:33.706] -   Block Number: 119
[2021/10/24 11:33:33.706] -   Block Time: Sun Oct 24 2021 11:33:33 GMT-0500 (hora estándar de Colombia)
[2021/10/24 11:33:33.706] - 
[2021/10/24 11:33:33.710] - eth_getBlockByNumber
[2021/10/24 11:33:33.712] - eth_getTransactionReceipt
[2021/10/24 11:33:33.722] - eth_getBalance
[2021/10/24 11:33:33.724] - eth_getCode
[2021/10/24 11:33:33.730] - eth_getTransactionCount
[2021/10/24 11:33:33.744] - eth_getBalance
[2021/10/24 11:33:33.744] - eth_getTransactionByHash
[2021/10/24 11:33:33.749] - eth_getTransactionCount
[2021/10/24 11:33:33.751] - eth_getBalance
[2021/10/24 11:33:33.755] - eth_getBalance
[2021/10/24 11:33:33.772] - eth_getTransactionCount
[2021/10/24 11:33:33.783] - eth_getBalance
[2021/10/24 11:33:33.797] - eth_getTransactionCount
[2021/10/24 11:33:33.803] - eth_getBalance
[2021/10/24 11:33:33.814] - eth_getTransactionCount
[2021/10/24 11:33:33.821] - eth_getBalance
[2021/10/24 11:33:33.829] - eth_getTransactionCount
[2021/10/24 11:33:33.838] - eth_getBalance
[2021/10/24 11:33:33.846] - eth_getTransactionCount
[2021/10/24 11:33:33.852] - eth_getBalance
[2021/10/24 11:33:33.859] - eth_getTransactionCount
[2021/10/24 11:33:33.865] - eth_getBalance
[2021/10/24 11:33:33.873] - eth_getTransactionCount
[2021/10/24 11:33:33.881] - eth_getBalance
[2021/10/24 11:33:33.887] - eth_getTransactionCount
[2021/10/24 11:34:29.579] - net_version
[2021/10/24 11:34:29.607] - eth_blockNumber
[2021/10/24 11:34:29.612] - eth_call
[2021/10/24 11:34:29.669] - eth_call
[2021/10/24 11:34:31.492] - eth_getCode
[2021/10/24 11:34:31.493] - eth_call
[2021/10/24 11:34:32.187] - eth_blockNumber
[2021/10/24 11:34:32.211] - eth_getBalance
[2021/10/24 11:34:32.212] - eth_getBalance
[2021/10/24 11:34:32.495] - eth_gasPrice
[2021/10/24 11:34:32.657] - eth_getTransactionCount
[2021/10/24 11:34:33.970] - eth_sendRawTransaction
[2021/10/24 11:34:34.125] - 
[2021/10/24 11:34:34.125] -   Transaction: 0x0b2ae365fd83f0098adcbf5550b50885ad3913702b85cd0e9d5893404d40f170
[2021/10/24 11:34:34.126] -   Gas usage: 21046
[2021/10/24 11:34:34.126] -   Block Number: 120
[2021/10/24 11:34:34.129] -   Block Time: Sun Oct 24 2021 11:34:33 GMT-0500 (hora estándar de Colombia)
[2021/10/24 11:34:34.130] -   Runtime Error: revert
[2021/10/24 11:34:34.130] - 
[2021/10/24 11:34:34.133] - eth_getBlockByNumber
[2021/10/24 11:34:34.144] - eth_getBalance
[2021/10/24 11:34:34.152] - eth_getTransactionCount
[2021/10/24 11:34:34.159] - eth_getBalance
[2021/10/24 11:34:34.165] - eth_getTransactionCount
[2021/10/24 11:34:34.174] - eth_getBalance
[2021/10/24 11:34:34.181] - eth_getTransactionCount
[2021/10/24 11:34:34.189] - eth_getBalance
[2021/10/24 11:34:34.195] - eth_getTransactionCount
[2021/10/24 11:34:34.205] - eth_getBalance
[2021/10/24 11:34:34.216] - eth_getTransactionCount
[2021/10/24 11:34:34.222] - eth_getBalance
[2021/10/24 11:34:34.230] - eth_getTransactionCount
[2021/10/24 11:34:34.238] - eth_getBalance
[2021/10/24 11:34:34.245] - eth_getTransactionCount
[2021/10/24 11:34:34.251] - eth_getBalance
[2021/10/24 11:34:34.263] - eth_getTransactionCount
[2021/10/24 11:34:34.270] - eth_getBalance
[2021/10/24 11:34:34.280] - eth_getTransactionCount
[2021/10/24 11:34:34.285] - eth_getBalance
[2021/10/24 11:34:34.292] - eth_getTransactionCount
[2021/10/24 11:34:54.851] - net_version
[2021/10/24 11:34:54.867] - net_version
[2021/10/24 11:34:54.883] - eth_blockNumber
[2021/10/24 11:34:54.903] - eth_call
[2021/10/24 11:34:54.954] - eth_call
[2021/10/24 11:34:56.852] - net_version
[2021/10/24 11:34:56.956] - net_version
[2021/10/24 11:35:07.514] - net_version
[2021/10/24 11:35:07.610] - net_version
[2021/10/24 11:35:09.426] - eth_getCode
[2021/10/24 11:35:10.036] - eth_blockNumber
[2021/10/24 11:35:10.046] - eth_getBalance
[2021/10/24 11:35:10.047] - eth_getBalance
[2021/10/24 11:35:10.349] - eth_gasPrice
[2021/10/24 11:35:10.487] - eth_getTransactionCount
[2021/10/24 11:35:14.904] - eth_blockNumber
[2021/10/24 11:35:16.494] - eth_sendRawTransaction
[2021/10/24 11:35:16.658] - 
[2021/10/24 11:35:16.661] -   Transaction: 0x79af694d617393b9d76127d10e92691d896ca0e3811427dd2847c14ee5981c89
[2021/10/24 11:35:16.665] -   Gas usage: 21046
[2021/10/24 11:35:16.665] -   Block Number: 121
[2021/10/24 11:35:16.672] -   Block Time: Sun Oct 24 2021 11:35:16 GMT-0500 (hora estándar de Colombia)
[2021/10/24 11:35:16.675] -   Runtime Error: revert
[2021/10/24 11:35:16.681] - 
[2021/10/24 11:35:16.685] - eth_getBlockByNumber
[2021/10/24 11:35:16.687] - eth_getBalance
[2021/10/24 11:35:16.688] - eth_getTransactionCount
[2021/10/24 11:35:16.696] - eth_getBalance
[2021/10/24 11:35:16.705] - eth_getTransactionCount
[2021/10/24 11:35:16.717] - eth_getBalance
[2021/10/24 11:35:16.727] - eth_getTransactionCount
[2021/10/24 11:35:16.734] - eth_getBalance
[2021/10/24 11:35:16.740] - eth_getTransactionCount
[2021/10/24 11:35:16.751] - eth_getBalance
[2021/10/24 11:35:16.758] - eth_getTransactionCount
[2021/10/24 11:35:16.765] - eth_getBalance
[2021/10/24 11:35:16.773] - eth_getTransactionCount
[2021/10/24 11:35:16.779] - eth_getBalance
[2021/10/24 11:35:16.787] - eth_getTransactionCount
[2021/10/24 11:35:16.793] - eth_getBalance
[2021/10/24 11:35:16.799] - eth_getTransactionCount
[2021/10/24 11:35:16.807] - eth_getBalance
[2021/10/24 11:35:16.813] - eth_getTransactionCount
[2021/10/24 11:35:16.819] - eth_getBalance
[2021/10/24 11:35:16.830] - eth_getTransactionCount
[2021/10/24 11:35:30.084] - eth_blockNumber
[2021/10/24 11:35:30.104] - eth_getBlockByNumber
[2021/10/24 11:35:30.116] - eth_getBalance
[2021/10/24 11:35:30.130] - eth_getBalance
[2021/10/24 11:35:34.923] - eth_blockNumber
[2021/10/24 11:35:37.226] - eth_gasPrice
[2021/10/24 11:35:50.108] - eth_blockNumber
[2021/10/24 11:35:54.954] - eth_blockNumber
[2021/10/24 11:36:10.439] - eth_blockNumber
[2021/10/24 11:36:14.984] - eth_blockNumber
[2021/10/24 11:36:30.482] - eth_blockNumber
[2021/10/24 11:36:35.010] - eth_blockNumber
[2021/10/24 11:36:35.693] - net_version
[2021/10/24 11:36:35.714] - eth_call
[2021/10/24 11:36:35.775] - eth_call
[2021/10/24 11:36:37.353] - eth_getCode
[2021/10/24 11:36:39.118] - eth_getTransactionCount
[2021/10/24 11:36:39.138] - eth_sendRawTransaction
[2021/10/24 11:36:39.284] - 
[2021/10/24 11:36:39.285] -   Transaction: 0x64c318f25b2afbc44e9487b0bad0eb39d0ba6af312d59f2f62b51abaa4422023
[2021/10/24 11:36:39.285] -   Gas usage: 21046
[2021/10/24 11:36:39.285] -   Block Number: 122
[2021/10/24 11:36:39.286] -   Block Time: Sun Oct 24 2021 11:36:39 GMT-0500 (hora estándar de Colombia)
[2021/10/24 11:36:39.287] -   Runtime Error: revert
[2021/10/24 11:36:39.287] - 
[2021/10/24 11:36:39.288] - eth_getBlockByNumber
[2021/10/24 11:36:39.312] - eth_getBalance
[2021/10/24 11:36:39.321] - eth_getTransactionCount
[2021/10/24 11:36:39.331] - eth_getBalance
[2021/10/24 11:36:39.338] - eth_getTransactionCount
[2021/10/24 11:36:39.350] - eth_getBalance
[2021/10/24 11:36:39.364] - eth_getTransactionCount
[2021/10/24 11:36:39.375] - eth_getBalance
[2021/10/24 11:36:39.384] - eth_getTransactionCount
[2021/10/24 11:36:39.396] - eth_getBalance
[2021/10/24 11:36:39.405] - eth_getTransactionCount
[2021/10/24 11:36:39.418] - eth_getBalance
[2021/10/24 11:36:39.426] - eth_getTransactionCount
[2021/10/24 11:36:39.434] - eth_getBalance
[2021/10/24 11:36:39.441] - eth_getTransactionCount
[2021/10/24 11:36:39.449] - eth_getBalance
[2021/10/24 11:36:39.456] - eth_getTransactionCount
[2021/10/24 11:36:39.476] - eth_getBalance
[2021/10/24 11:36:39.477] - eth_getTransactionCount
[2021/10/24 11:36:39.484] - eth_getBalance
[2021/10/24 11:36:39.497] - eth_getTransactionCount
[2021/10/24 11:36:45.589] - net_version
[2021/10/24 11:36:48.993] - eth_sendRawTransaction
[2021/10/24 11:36:50.573] - eth_blockNumber
[2021/10/24 11:36:50.586] - eth_sendRawTransaction
[2021/10/24 11:36:50.594] - eth_getBlockByNumber
[2021/10/24 11:36:50.920] - eth_getBalance
[2021/10/24 11:36:50.921] - eth_getBalance
[2021/10/24 11:37:00.903] - net_version
[2021/10/24 11:37:00.927] - eth_call
[2021/10/24 11:37:01.019] - eth_call
[2021/10/24 11:37:02.401] - eth_getCode
[2021/10/24 11:37:03.056] - eth_blockNumber
[2021/10/24 11:37:03.345] - eth_gasPrice
[2021/10/24 11:37:03.430] - eth_getTransactionCount
[2021/10/24 11:37:04.634] - eth_sendRawTransaction
[2021/10/24 11:37:04.758] - 
[2021/10/24 11:37:04.758] -   Transaction: 0x9cb1f3c4742987f254ab10a7f0cb015fd48c214edcb61df901237c80dc22e7ac
[2021/10/24 11:37:04.758] -   Gas usage: 21046
[2021/10/24 11:37:04.759] -   Block Number: 123
[2021/10/24 11:37:04.759] -   Block Time: Sun Oct 24 2021 11:37:04 GMT-0500 (hora estándar de Colombia)
[2021/10/24 11:37:04.759] -   Runtime Error: revert
[2021/10/24 11:37:04.759] - 
[2021/10/24 11:37:04.761] - eth_getBlockByNumber
[2021/10/24 11:37:04.781] - eth_getBalance
[2021/10/24 11:37:04.790] - eth_getTransactionCount
[2021/10/24 11:37:04.798] - eth_getBalance
[2021/10/24 11:37:04.809] - eth_getTransactionCount
[2021/10/24 11:37:04.818] - eth_getBalance
[2021/10/24 11:37:04.828] - eth_getTransactionCount
[2021/10/24 11:37:04.839] - eth_getBalance
[2021/10/24 11:37:04.852] - eth_getTransactionCount
[2021/10/24 11:37:04.861] - eth_getBalance
[2021/10/24 11:37:04.865] - eth_getTransactionCount
[2021/10/24 11:37:04.873] - eth_getBalance
[2021/10/24 11:37:04.879] - eth_getTransactionCount
[2021/10/24 11:37:04.888] - eth_getBalance
[2021/10/24 11:37:04.895] - eth_getTransactionCount
[2021/10/24 11:37:04.902] - eth_getBalance
[2021/10/24 11:37:04.910] - eth_getTransactionCount
[2021/10/24 11:37:04.918] - eth_getBalance
[2021/10/24 11:37:04.925] - eth_getTransactionCount
[2021/10/24 11:37:04.935] - eth_getBalance
[2021/10/24 11:37:04.945] - eth_getTransactionCount
[2021/10/24 11:39:20.235] - eth_unsubscribe
[2021/10/24 11:39:20.236] - eth_unsubscribe
