[2021/10/24 11:14:17.854] - Starting server with initial configuration: {"gasLimit":6721975,"gasPrice":20000000000,"hardfork":"muirGlacier","hostname":"127.0.0.1","port":8545,"network_id":5777,"default_balance_ether":100,"total_accounts":10,"unlocked_accounts":[],"locked":false,"vmErrorsOnRPCResponse":true,"verbose":false,"db_path":"C:\\Users\\Sebastian\\AppData\\Roaming\\Ganache\\workspaces\\lab-crypto\\chaindata","logDirectory":"C:\\Users\\Sebastian\\Desktop\\Blockchain project\\logs"}
[2021/10/24 11:14:17.914] - eth_subscribe
[2021/10/24 11:14:17.915] - eth_getLogs
[2021/10/24 11:14:17.915] - eth_subscribe
[2021/10/24 11:14:17.926] - eth_getCode
[2021/10/24 11:14:17.960] - eth_getCode
[2021/10/24 11:14:17.977] - eth_subscribe
[2021/10/24 11:14:17.977] - eth_getLogs
[2021/10/24 11:14:17.978] - eth_subscribe
[2021/10/24 11:14:18.013] - eth_blockNumber
[2021/10/24 11:14:18.014] - eth_accounts
[2021/10/24 11:14:18.014] - eth_blockNumber
[2021/10/24 11:14:18.015] - eth_gasPrice
[2021/10/24 11:14:18.015] - eth_accounts
[2021/10/24 11:14:18.016] - eth_getBlockByNumber
[2021/10/24 11:14:18.016] - eth_gasPrice
[2021/10/24 11:14:18.016] - eth_subscribe
[2021/10/24 11:14:18.017] - eth_getBlockByNumber
[2021/10/24 11:14:18.017] - eth_subscribe
[2021/10/24 11:14:18.026] - eth_accounts
[2021/10/24 11:14:18.054] - eth_getBalance
[2021/10/24 11:14:18.060] - eth_getTransactionCount
[2021/10/24 11:14:18.065] - eth_getBalance
[2021/10/24 11:14:18.069] - eth_getTransactionCount
[2021/10/24 11:14:18.072] - eth_getBalance
[2021/10/24 11:14:18.075] - eth_getTransactionCount
[2021/10/24 11:14:18.078] - eth_getBalance
[2021/10/24 11:14:18.082] - eth_getTransactionCount
[2021/10/24 11:14:18.086] - eth_getBalance
[2021/10/24 11:14:18.098] - eth_getTransactionCount
[2021/10/24 11:14:18.098] - eth_getBalance
[2021/10/24 11:14:18.099] - eth_getTransactionCount
[2021/10/24 11:14:18.102] - eth_getBalance
[2021/10/24 11:14:18.105] - eth_getTransactionCount
[2021/10/24 11:14:18.108] - eth_getBalance
[2021/10/24 11:14:18.110] - eth_getTransactionCount
[2021/10/24 11:14:18.113] - eth_getBalance
[2021/10/24 11:14:18.116] - eth_getTransactionCount
[2021/10/24 11:14:18.119] - eth_getBalance
[2021/10/24 11:14:18.125] - eth_getTransactionCount
[2021/10/24 11:14:18.132] - eth_getBalance
[2021/10/24 11:14:18.135] - eth_getTransactionCount
[2021/10/24 11:14:18.139] - eth_getBalance
[2021/10/24 11:14:18.140] - eth_getTransactionCount
[2021/10/24 11:14:18.143] - eth_getBalance
[2021/10/24 11:14:18.146] - eth_getTransactionCount
[2021/10/24 11:14:18.150] - eth_getBalance
[2021/10/24 11:14:18.152] - eth_getTransactionCount
[2021/10/24 11:14:18.155] - eth_getBalance
[2021/10/24 11:14:18.158] - eth_getTransactionCount
[2021/10/24 11:14:18.161] - eth_getBalance
[2021/10/24 11:14:18.164] - eth_getTransactionCount
[2021/10/24 11:14:18.167] - eth_getBalance
[2021/10/24 11:14:18.170] - eth_getTransactionCount
[2021/10/24 11:14:18.174] - eth_getBalance
[2021/10/24 11:14:18.177] - eth_getTransactionCount
[2021/10/24 11:14:18.180] - eth_getBalance
[2021/10/24 11:14:18.183] - eth_getTransactionCount
[2021/10/24 11:14:18.185] - eth_getBalance
[2021/10/24 11:14:18.188] - eth_getTransactionCount
[2021/10/24 11:14:18.191] - eth_getBalance
[2021/10/24 11:14:18.194] - eth_getTransactionCount
[2021/10/24 11:14:18.196] - eth_getBalance
[2021/10/24 11:14:18.199] - eth_getTransactionCount
[2021/10/24 11:14:18.203] - eth_getBalance
[2021/10/24 11:14:18.205] - eth_getTransactionCount
[2021/10/24 11:14:18.208] - eth_getBalance
[2021/10/24 11:14:18.212] - eth_getTransactionCount
[2021/10/24 11:14:18.217] - eth_getBalance
[2021/10/24 11:14:18.219] - eth_getTransactionCount
[2021/10/24 11:14:18.222] - eth_getBalance
[2021/10/24 11:14:18.227] - eth_getTransactionCount
[2021/10/24 11:14:18.229] - eth_getBalance
[2021/10/24 11:14:18.232] - eth_getTransactionCount
[2021/10/24 11:14:18.235] - eth_getBalance
[2021/10/24 11:14:18.238] - eth_getTransactionCount
[2021/10/24 11:14:18.241] - eth_getBalance
[2021/10/24 11:14:18.243] - eth_getTransactionCount
[2021/10/24 11:14:18.246] - eth_getBalance
[2021/10/24 11:14:18.250] - eth_getTransactionCount
[2021/10/24 11:14:18.302] - eth_getTransactionCount
[2021/10/24 11:14:18.305] - eth_getBalance
[2021/10/24 11:14:18.308] - eth_getTransactionCount
[2021/10/24 11:14:18.311] - eth_getBalance
[2021/10/24 11:14:18.314] - eth_getTransactionCount
[2021/10/24 11:14:18.316] - eth_getBalance
[2021/10/24 11:14:18.319] - eth_getTransactionCount
[2021/10/24 11:14:18.322] - eth_getBalance
[2021/10/24 11:14:18.325] - eth_getTransactionCount
[2021/10/24 11:14:18.327] - eth_getBalance
[2021/10/24 11:14:18.330] - eth_getTransactionCount
[2021/10/24 11:14:18.334] - eth_getBalance
[2021/10/24 11:14:18.336] - eth_getTransactionCount
[2021/10/24 11:14:18.339] - eth_getBalance
[2021/10/24 11:14:18.341] - eth_getTransactionCount
[2021/10/24 11:14:18.344] - eth_getBalance
[2021/10/24 11:14:18.347] - eth_getTransactionCount
[2021/10/24 11:14:18.350] - eth_getBalance
[2021/10/24 11:14:18.352] - eth_getTransactionCount
[2021/10/24 11:14:39.599] - net_version
[2021/10/24 11:14:39.638] - eth_blockNumber
[2021/10/24 11:14:39.648] - eth_call
[2021/10/24 11:14:39.748] - eth_call
[2021/10/24 11:14:40.978] - eth_getCode
[2021/10/24 11:14:40.979] - eth_call
[2021/10/24 11:14:41.000] - eth_gasPrice
[2021/10/24 11:14:41.148] - eth_getBlockByNumber
[2021/10/24 11:14:41.881] - eth_blockNumber
[2021/10/24 11:14:41.890] - eth_getBalance
[2021/10/24 11:14:41.891] - eth_getBalance
[2021/10/24 11:14:41.905] - eth_estimateGas
[2021/10/24 11:14:42.298] - net_version
[2021/10/24 11:14:42.383] - eth_getTransactionCount
[2021/10/24 11:14:46.715] - eth_sendRawTransaction
[2021/10/24 11:14:46.867] - 
[2021/10/24 11:14:46.867] -   Transaction: 0x7c33af56dfc689b2dc882d4c75cbdeece7e2612a42f397cf051111f9a30629dd
[2021/10/24 11:14:46.867] -   Gas usage: 21046
[2021/10/24 11:14:46.868] -   Block Number: 103
[2021/10/24 11:14:46.868] -   Block Time: Sun Oct 24 2021 11:14:46 GMT-0500 (hora estándar de Colombia)
[2021/10/24 11:14:46.868] -   Runtime Error: revert
[2021/10/24 11:14:46.869] - 
[2021/10/24 11:14:46.873] - eth_getBlockByNumber
[2021/10/24 11:14:46.879] - eth_getBalance
[2021/10/24 11:14:46.881] - eth_getTransactionCount
[2021/10/24 11:14:46.886] - eth_getBalance
[2021/10/24 11:14:46.889] - eth_getTransactionCount
[2021/10/24 11:14:46.894] - eth_getBalance
[2021/10/24 11:14:46.900] - eth_getTransactionCount
[2021/10/24 11:14:46.915] - eth_getBalance
[2021/10/24 11:14:46.921] - eth_getTransactionCount
[2021/10/24 11:14:46.926] - eth_getBalance
[2021/10/24 11:14:46.930] - eth_getTransactionCount
[2021/10/24 11:14:46.933] - eth_getBalance
[2021/10/24 11:14:46.937] - eth_getTransactionCount
[2021/10/24 11:14:46.940] - eth_getBalance
[2021/10/24 11:14:46.944] - eth_getTransactionCount
[2021/10/24 11:14:46.947] - eth_getBalance
[2021/10/24 11:14:46.972] - eth_getTransactionCount
[2021/10/24 11:14:46.977] - eth_getBalance
[2021/10/24 11:14:46.981] - eth_getTransactionCount
[2021/10/24 11:14:46.983] - eth_getBalance
[2021/10/24 11:14:46.988] - eth_getTransactionCount
[2021/10/24 11:15:20.364] - eth_blockNumber
[2021/10/24 11:15:20.388] - eth_getBalance
[2021/10/24 11:15:20.401] - eth_getBalance
[2021/10/24 11:15:20.416] - eth_getBlockByNumber
[2021/10/24 11:15:20.465] - eth_blockNumber
[2021/10/24 11:15:40.388] - eth_blockNumber
[2021/10/24 11:16:00.411] - eth_blockNumber
[2021/10/24 11:16:18.306] - eth_blockNumber
[2021/10/24 11:16:18.323] - net_version
[2021/10/24 11:16:18.327] - eth_getBalance
[2021/10/24 11:16:18.335] - eth_getBlockByNumber
[2021/10/24 11:16:20.012] - eth_blockNumber
[2021/10/24 11:16:30.836] - eth_blockNumber
[2021/10/24 11:16:30.837] - net_version
[2021/10/24 11:16:30.841] - eth_getBalance
[2021/10/24 11:16:30.842] - eth_getBlockByNumber
[2021/10/24 11:16:31.253] - eth_blockNumber
[2021/10/24 11:16:51.148] - eth_blockNumber
[2021/10/24 11:17:03.776] - eth_getBalance
[2021/10/24 11:17:11.475] - eth_blockNumber
[2021/10/24 11:17:23.520] - eth_blockNumber
[2021/10/24 11:17:27.833] - net_version
[2021/10/24 11:17:27.861] - eth_call
[2021/10/24 11:17:27.938] - eth_call
[2021/10/24 11:17:31.671] - eth_call
[2021/10/24 11:17:31.958] - net_version
[2021/10/24 11:17:37.928] - net_version
[2021/10/24 11:17:39.958] - eth_blockNumber
[2021/10/24 11:17:40.827] - eth_blockNumber
[2021/10/24 11:17:43.205] - net_version
[2021/10/24 11:17:56.580] - net_version
[2021/10/24 11:18:02.862] - eth_blockNumber
[2021/10/24 11:18:08.549] - eth_blockNumber
[2021/10/24 11:18:23.202] - eth_blockNumber
[2021/10/24 11:18:23.218] - net_version
[2021/10/24 11:18:27.807] - net_version
[2021/10/24 11:18:28.596] - eth_blockNumber
[2021/10/24 11:18:30.128] - net_version
[2021/10/24 11:18:40.604] - eth_blockNumber
[2021/10/24 11:19:34.146] - net_version
[2021/10/24 11:19:34.172] - eth_blockNumber
[2021/10/24 11:19:49.444] - net_version
[2021/10/24 11:19:51.927] - eth_getCode
[2021/10/24 11:19:51.936] - eth_gasPrice
[2021/10/24 11:19:51.990] - eth_estimateGas
[2021/10/24 11:19:52.565] - eth_blockNumber
[2021/10/24 11:19:52.918] - eth_getTransactionCount
[2021/10/24 11:19:54.181] - eth_blockNumber
[2021/10/24 11:19:57.831] - eth_sendRawTransaction
[2021/10/24 11:19:57.960] - 
[2021/10/24 11:19:57.961] -   Transaction: 0x92ed42903c8e0d7fa86155558bb89688665c889db4a29254ec5c945719194243
[2021/10/24 11:19:57.961] -   Gas usage: 21046
[2021/10/24 11:19:57.965] -   Block Number: 104
[2021/10/24 11:19:57.968] -   Block Time: Sun Oct 24 2021 11:19:57 GMT-0500 (hora estándar de Colombia)
[2021/10/24 11:19:57.982] -   Runtime Error: revert
[2021/10/24 11:19:57.984] - 
[2021/10/24 11:19:57.989] - eth_getBlockByNumber
[2021/10/24 11:19:57.990] - eth_getBalance
[2021/10/24 11:19:57.991] - eth_getTransactionCount
[2021/10/24 11:19:57.991] - eth_getBalance
[2021/10/24 11:19:57.994] - eth_getTransactionCount
[2021/10/24 11:19:58.000] - eth_getBalance
[2021/10/24 11:19:58.004] - eth_getTransactionCount
[2021/10/24 11:19:58.009] - eth_getBalance
[2021/10/24 11:19:58.013] - eth_getTransactionCount
[2021/10/24 11:19:58.016] - eth_getBalance
[2021/10/24 11:19:58.020] - eth_getTransactionCount
[2021/10/24 11:19:58.023] - eth_getBalance
[2021/10/24 11:19:58.027] - eth_getTransactionCount
[2021/10/24 11:19:58.029] - eth_getBalance
[2021/10/24 11:19:58.034] - eth_getTransactionCount
[2021/10/24 11:19:58.037] - eth_getBalance
[2021/10/24 11:19:58.041] - eth_getTransactionCount
[2021/10/24 11:19:58.046] - eth_getBalance
[2021/10/24 11:19:58.049] - eth_getTransactionCount
[2021/10/24 11:19:58.052] - eth_getBalance
[2021/10/24 11:19:58.060] - eth_getTransactionCount
[2021/10/24 11:20:21.336] - eth_blockNumber
[2021/10/24 11:20:21.356] - eth_blockNumber
[2021/10/24 11:20:21.368] - eth_getBalance
[2021/10/24 11:20:21.384] - eth_getBalance
[2021/10/24 11:20:21.399] - eth_getBlockByNumber
[2021/10/24 11:20:35.240] - eth_blockNumber
[2021/10/24 11:20:35.242] - net_version
[2021/10/24 11:20:35.268] - eth_getBalance
[2021/10/24 11:20:35.269] - eth_getBalance
[2021/10/24 11:20:35.270] - eth_getBlockByNumber
[2021/10/24 11:20:36.555] - eth_blockNumber
[2021/10/24 11:20:40.227] - net_version
[2021/10/24 11:20:40.243] - eth_call
[2021/10/24 11:20:40.324] - eth_call
[2021/10/24 11:20:41.919] - eth_getCode
[2021/10/24 11:20:41.920] - eth_call
[2021/10/24 11:20:41.928] - eth_gasPrice
[2021/10/24 11:20:42.036] - eth_estimateGas
[2021/10/24 11:20:42.572] - eth_blockNumber
[2021/10/24 11:20:42.950] - eth_getTransactionCount
[2021/10/24 11:20:46.224] - eth_sendRawTransaction
[2021/10/24 11:20:46.338] - 
[2021/10/24 11:20:46.339] -   Transaction: 0x5fa49e2720f891d4f70d5608febf38aac472ee733670d19b34ea22677f530571
[2021/10/24 11:20:46.340] -   Gas usage: 21046
[2021/10/24 11:20:46.341] -   Block Number: 105
[2021/10/24 11:20:46.341] -   Block Time: Sun Oct 24 2021 11:20:46 GMT-0500 (hora estándar de Colombia)
[2021/10/24 11:20:46.342] -   Runtime Error: revert
[2021/10/24 11:20:46.342] - 
[2021/10/24 11:20:46.343] - eth_getBlockByNumber
[2021/10/24 11:20:46.347] - eth_getBalance
[2021/10/24 11:20:46.351] - eth_getTransactionCount
[2021/10/24 11:20:46.358] - eth_getBalance
[2021/10/24 11:20:46.362] - eth_getTransactionCount
[2021/10/24 11:20:46.366] - eth_getBalance
[2021/10/24 11:20:46.372] - eth_getTransactionCount
[2021/10/24 11:20:46.382] - eth_getBalance
[2021/10/24 11:20:46.424] - eth_getTransactionCount
[2021/10/24 11:20:46.430] - eth_getBalance
[2021/10/24 11:20:46.436] - eth_getTransactionCount
[2021/10/24 11:20:46.440] - eth_getBalance
[2021/10/24 11:20:46.444] - eth_getTransactionCount
[2021/10/24 11:20:46.450] - eth_getBalance
[2021/10/24 11:20:46.454] - eth_getTransactionCount
[2021/10/24 11:20:46.460] - eth_getBalance
[2021/10/24 11:20:46.465] - eth_getTransactionCount
[2021/10/24 11:20:46.472] - eth_getBalance
[2021/10/24 11:20:46.480] - eth_getTransactionCount
[2021/10/24 11:20:46.484] - eth_getBalance
[2021/10/24 11:20:46.488] - eth_getTransactionCount
[2021/10/24 11:22:30.693] - net_version
[2021/10/24 11:22:30.721] - eth_blockNumber
[2021/10/24 11:22:30.727] - eth_call
[2021/10/24 11:22:30.844] - eth_call
[2021/10/24 11:22:43.757] - eth_getBalance
[2021/10/24 11:22:43.784] - eth_getTransactionReceipt
[2021/10/24 11:22:43.808] - eth_getBlockByNumber
[2021/10/24 11:22:43.855] - net_version
[2021/10/24 11:22:43.871] - eth_getCode
[2021/10/24 11:22:43.917] - net_version
[2021/10/24 11:22:43.932] - eth_getCode
[2021/10/24 11:22:43.948] - eth_getBlockByNumber
[2021/10/24 11:22:43.965] - eth_getBalance
[2021/10/24 11:22:43.980] - eth_getTransactionCount
[2021/10/24 11:22:43.995] - eth_getStorageAt
[2021/10/24 11:22:46.524] - eth_getTransactionByHash
[2021/10/24 11:22:46.575] - net_version
[2021/10/24 11:22:46.592] - eth_getCode
[2021/10/24 11:22:49.437] - net_version
[2021/10/24 11:22:49.453] - eth_getCode
[2021/10/24 11:22:49.500] - net_version
[2021/10/24 11:22:49.516] - eth_getCode
[2021/10/24 11:22:49.532] - eth_getBlockByNumber
[2021/10/24 11:22:49.548] - eth_getBalance
[2021/10/24 11:22:49.564] - eth_getTransactionCount
[2021/10/24 11:22:49.580] - eth_getStorageAt
[2021/10/24 11:22:51.328] - eth_getBlockByNumber
[2021/10/24 11:22:51.346] - eth_getTransactionReceipt
[2021/10/24 11:22:51.371] - eth_getBlockByNumber
[2021/10/24 11:22:51.388] - eth_getTransactionReceipt
[2021/10/24 11:22:51.407] - eth_getBlockByNumber
[2021/10/24 11:22:51.432] - eth_getTransactionReceipt
[2021/10/24 11:22:51.450] - eth_getBlockByNumber
[2021/10/24 11:22:51.463] - eth_getTransactionReceipt
[2021/10/24 11:22:51.482] - eth_getBlockByNumber
[2021/10/24 11:22:51.497] - eth_getTransactionReceipt
[2021/10/24 11:22:51.514] - eth_getBlockByNumber
[2021/10/24 11:22:51.527] - eth_getTransactionReceipt
[2021/10/24 11:22:51.547] - eth_getBlockByNumber
[2021/10/24 11:22:51.560] - eth_getBlockByNumber
[2021/10/24 11:22:51.574] - eth_getTransactionReceipt
[2021/10/24 11:22:51.594] - eth_getBlockByNumber
[2021/10/24 11:22:51.606] - eth_getTransactionReceipt
[2021/10/24 11:22:51.625] - eth_getBlockByNumber
[2021/10/24 11:22:51.639] - eth_getTransactionReceipt
[2021/10/24 11:22:51.656] - eth_getBlockByNumber
[2021/10/24 11:22:51.668] - eth_getTransactionReceipt
[2021/10/24 11:22:53.712] - eth_getTransactionByHash
[2021/10/24 11:23:01.338] - net_version
[2021/10/24 11:23:01.352] - eth_blockNumber
[2021/10/24 11:23:02.952] - net_version
[2021/10/24 11:23:04.064] - net_version
[2021/10/24 11:23:06.242] - eth_getCode
[2021/10/24 11:23:06.256] - eth_call
[2021/10/24 11:23:06.885] - eth_blockNumber
[2021/10/24 11:23:06.894] - eth_getBalance
[2021/10/24 11:23:06.896] - eth_getBalance
[2021/10/24 11:23:07.185] - eth_gasPrice
[2021/10/24 11:23:07.322] - eth_getTransactionCount
[2021/10/24 11:23:17.571] - net_version
[2021/10/24 11:23:19.201] - net_version
[2021/10/24 11:23:21.663] - eth_blockNumber
[2021/10/24 11:23:21.680] - eth_blockNumber
[2021/10/24 11:23:26.935] - eth_blockNumber
[2021/10/24 11:23:41.996] - eth_blockNumber
[2021/10/24 11:23:42.012] - eth_blockNumber
[2021/10/24 11:23:46.948] - eth_blockNumber
[2021/10/24 11:23:48.137] - net_version
[2021/10/24 11:23:53.199] - net_version
[2021/10/24 11:24:01.601] - net_version
[2021/10/24 11:24:03.580] - eth_blockNumber
[2021/10/24 11:24:06.967] - eth_blockNumber
[2021/10/24 11:24:12.922] - net_version
[2021/10/24 11:24:13.572] - net_version
[2021/10/24 11:24:23.603] - eth_blockNumber
[2021/10/24 11:24:23.688] - net_version
[2021/10/24 11:24:24.059] - net_version
[2021/10/24 11:24:26.985] - eth_blockNumber
[2021/10/24 11:24:30.407] - eth_blockNumber
[2021/10/24 11:24:36.262] - net_version
[2021/10/24 11:24:38.067] - eth_blockNumber
[2021/10/24 11:24:40.649] - eth_sendRawTransaction
[2021/10/24 11:24:40.767] - 
[2021/10/24 11:24:40.767] -   Transaction: 0x65f39c4d1a6fb25f1aa967a599cce74cf78f24e3a48e78491d8091ee48312b3c
[2021/10/24 11:24:40.768] -   Gas usage: 21046
[2021/10/24 11:24:40.768] -   Block Number: 106
[2021/10/24 11:24:40.768] -   Block Time: Sun Oct 24 2021 11:24:40 GMT-0500 (hora estándar de Colombia)
[2021/10/24 11:24:40.769] -   Runtime Error: revert
[2021/10/24 11:24:40.771] - 
[2021/10/24 11:24:40.773] - eth_getBlockByNumber
[2021/10/24 11:24:40.778] - eth_getBalance
[2021/10/24 11:24:40.782] - eth_getTransactionCount
[2021/10/24 11:24:40.785] - eth_getBalance
[2021/10/24 11:24:40.790] - eth_getTransactionCount
[2021/10/24 11:24:40.793] - eth_getBalance
[2021/10/24 11:24:40.797] - eth_getTransactionCount
[2021/10/24 11:24:40.800] - eth_getBalance
[2021/10/24 11:24:40.804] - eth_getTransactionCount
[2021/10/24 11:24:40.808] - eth_getBalance
[2021/10/24 11:24:40.812] - eth_getTransactionCount
[2021/10/24 11:24:40.816] - eth_getBalance
[2021/10/24 11:24:40.820] - eth_getTransactionCount
[2021/10/24 11:24:40.824] - eth_getBalance
[2021/10/24 11:24:40.827] - eth_getTransactionCount
[2021/10/24 11:24:40.829] - eth_getBalance
[2021/10/24 11:24:40.832] - eth_getTransactionCount
[2021/10/24 11:24:40.836] - eth_getBalance
[2021/10/24 11:24:40.838] - eth_getTransactionCount
[2021/10/24 11:24:40.843] - eth_getBalance
[2021/10/24 11:24:40.846] - eth_getTransactionCount
[2021/10/24 11:24:47.892] - net_version
[2021/10/24 11:24:51.019] - eth_blockNumber
[2021/10/24 11:24:51.038] - eth_getBlockByNumber
[2021/10/24 11:24:51.051] - eth_getBalance
[2021/10/24 11:24:51.063] - eth_getBalance
[2021/10/24 11:24:51.367] - eth_gasPrice
[2021/10/24 11:24:51.453] - eth_getTransactionCount
[2021/10/24 11:24:58.097] - eth_blockNumber
[2021/10/24 11:25:11.354] - eth_blockNumber
[2021/10/24 11:25:14.287] - net_version
[2021/10/24 11:25:14.303] - eth_call
[2021/10/24 11:25:14.367] - eth_call
[2021/10/24 11:25:16.709] - eth_getCode
[2021/10/24 11:25:16.710] - eth_call
[2021/10/24 11:25:17.338] - eth_blockNumber
[2021/10/24 11:25:18.115] - eth_blockNumber
[2021/10/24 11:25:19.477] - eth_sendRawTransaction
[2021/10/24 11:25:19.594] - 
[2021/10/24 11:25:19.595] -   Transaction: 0xf1197661768c85501e2f6c051e116e1652bbda1f53b72bf365e4ab3ed615c80e
[2021/10/24 11:25:19.595] -   Gas usage: 21046
[2021/10/24 11:25:19.596] -   Block Number: 107
[2021/10/24 11:25:19.596] -   Block Time: Sun Oct 24 2021 11:25:19 GMT-0500 (hora estándar de Colombia)
[2021/10/24 11:25:19.596] -   Runtime Error: revert
[2021/10/24 11:25:19.597] - 
[2021/10/24 11:25:19.603] - eth_getBlockByNumber
[2021/10/24 11:25:19.607] - eth_getBalance
[2021/10/24 11:25:19.608] - eth_getTransactionCount
[2021/10/24 11:25:19.610] - eth_getBalance
[2021/10/24 11:25:19.615] - eth_getTransactionCount
[2021/10/24 11:25:19.620] - eth_getBalance
[2021/10/24 11:25:19.622] - eth_getTransactionCount
[2021/10/24 11:25:19.626] - eth_getBalance
[2021/10/24 11:25:19.629] - eth_getTransactionCount
[2021/10/24 11:25:19.656] - eth_getBalance
[2021/10/24 11:25:19.662] - eth_getTransactionCount
[2021/10/24 11:25:19.666] - eth_getBalance
[2021/10/24 11:25:19.669] - eth_getTransactionCount
[2021/10/24 11:25:19.674] - eth_getBalance
[2021/10/24 11:25:19.674] - eth_getTransactionCount
[2021/10/24 11:25:19.678] - eth_getBalance
[2021/10/24 11:25:19.682] - eth_getTransactionCount
[2021/10/24 11:25:19.693] - eth_getBalance
[2021/10/24 11:25:19.693] - eth_getTransactionCount
[2021/10/24 11:25:19.694] - eth_getBalance
[2021/10/24 11:25:19.696] - eth_getTransactionCount
[2021/10/24 11:25:28.830] - eth_getTransactionByHash
[2021/10/24 11:25:28.848] - eth_getTransactionReceipt
[2021/10/24 11:25:59.797] - eth_getBlockByNumber
[2021/10/24 11:25:59.817] - eth_getTransactionReceipt
[2021/10/24 11:25:59.835] - eth_getBlockByNumber
[2021/10/24 11:25:59.848] - eth_getTransactionReceipt
[2021/10/24 11:25:59.868] - eth_getTransactionReceipt
[2021/10/24 11:25:59.883] - eth_getTransactionReceipt
[2021/10/24 11:25:59.898] - eth_getTransactionReceipt
[2021/10/24 11:25:59.913] - eth_getTransactionReceipt
[2021/10/24 11:25:59.929] - eth_getTransactionReceipt
[2021/10/24 11:25:59.943] - eth_getTransactionReceipt
[2021/10/24 11:25:59.962] - eth_getTransactionReceipt
[2021/10/24 11:25:59.978] - eth_getTransactionReceipt
[2021/10/24 11:26:35.398] - net_version
[2021/10/24 11:26:35.432] - eth_blockNumber
[2021/10/24 11:26:35.448] - eth_call
[2021/10/24 11:26:35.575] - eth_call
[2021/10/24 11:26:49.874] - net_version
[2021/10/24 11:26:51.202] - eth_getCode
[2021/10/24 11:26:51.218] - eth_call
[2021/10/24 11:26:51.855] - eth_blockNumber
[2021/10/24 11:26:51.870] - eth_getBalance
[2021/10/24 11:26:51.874] - eth_getBalance
[2021/10/24 11:26:52.142] - eth_gasPrice
[2021/10/24 11:26:52.315] - eth_getTransactionCount
[2021/10/24 11:26:53.320] - eth_sendRawTransaction
[2021/10/24 11:26:53.466] - 
[2021/10/24 11:26:53.467] -   Transaction: 0xfacc2d5087f1305257a4690aa5b1eccdcb1e24b4a0e6228594fcd247cbfbd399
[2021/10/24 11:26:53.469] -   Gas usage: 21046
[2021/10/24 11:26:53.476] -   Block Number: 108
[2021/10/24 11:26:53.481] -   Block Time: Sun Oct 24 2021 11:26:53 GMT-0500 (hora estándar de Colombia)
[2021/10/24 11:26:53.483] -   Runtime Error: revert
[2021/10/24 11:26:53.483] - 
[2021/10/24 11:26:53.485] - eth_getBlockByNumber
[2021/10/24 11:26:53.487] - eth_getBalance
[2021/10/24 11:26:53.491] - eth_getTransactionCount
[2021/10/24 11:26:53.493] - eth_getBalance
[2021/10/24 11:26:53.493] - eth_getTransactionCount
[2021/10/24 11:26:53.494] - eth_getBalance
[2021/10/24 11:26:53.497] - eth_getTransactionCount
[2021/10/24 11:26:53.498] - eth_getBalance
[2021/10/24 11:26:53.501] - eth_getTransactionCount
[2021/10/24 11:26:53.507] - eth_getBalance
[2021/10/24 11:26:53.518] - eth_getTransactionCount
[2021/10/24 11:26:53.519] - eth_getBalance
[2021/10/24 11:26:53.525] - eth_getTransactionCount
[2021/10/24 11:26:53.526] - eth_getBalance
[2021/10/24 11:26:53.526] - eth_getTransactionCount
[2021/10/24 11:26:53.527] - eth_getBalance
[2021/10/24 11:26:53.528] - eth_getTransactionCount
[2021/10/24 11:26:53.529] - eth_getBalance
[2021/10/24 11:26:53.537] - eth_getTransactionCount
[2021/10/24 11:26:53.537] - eth_getBalance
[2021/10/24 11:26:53.541] - eth_getTransactionCount
[2021/10/24 11:28:07.071] - net_version
[2021/10/24 11:28:07.097] - eth_blockNumber
[2021/10/24 11:28:07.104] - eth_call
[2021/10/24 11:28:07.237] - eth_call
[2021/10/24 11:28:08.617] - eth_getCode
[2021/10/24 11:28:08.618] - eth_call
[2021/10/24 11:28:09.235] - eth_blockNumber
[2021/10/24 11:28:09.243] - eth_getBalance
[2021/10/24 11:28:09.245] - eth_getBalance
[2021/10/24 11:28:09.542] - eth_gasPrice
[2021/10/24 11:28:09.676] - eth_getTransactionCount
[2021/10/24 11:28:14.718] - eth_sendRawTransaction
[2021/10/24 11:28:14.879] - 
[2021/10/24 11:28:14.879] -   Transaction: 0xc9304d566f2a67d1e856190c42150ce21fdb9098aebed41afac85a4e6b1e8289
[2021/10/24 11:28:14.879] -   Gas usage: 21046
[2021/10/24 11:28:14.880] -   Block Number: 109
[2021/10/24 11:28:14.880] -   Block Time: Sun Oct 24 2021 11:28:14 GMT-0500 (hora estándar de Colombia)
[2021/10/24 11:28:14.880] -   Runtime Error: revert
[2021/10/24 11:28:14.881] - 
[2021/10/24 11:28:14.883] - eth_getBlockByNumber
[2021/10/24 11:28:14.890] - eth_getBalance
[2021/10/24 11:28:14.896] - eth_getTransactionCount
[2021/10/24 11:28:14.901] - eth_getBalance
[2021/10/24 11:28:14.905] - eth_getTransactionCount
[2021/10/24 11:28:14.909] - eth_getBalance
[2021/10/24 11:28:14.913] - eth_getTransactionCount
[2021/10/24 11:28:14.916] - eth_getBalance
[2021/10/24 11:28:14.921] - eth_getTransactionCount
[2021/10/24 11:28:14.925] - eth_getBalance
[2021/10/24 11:28:14.928] - eth_getTransactionCount
[2021/10/24 11:28:14.930] - eth_getBalance
[2021/10/24 11:28:14.934] - eth_getTransactionCount
[2021/10/24 11:28:14.936] - eth_getBalance
[2021/10/24 11:28:14.939] - eth_getTransactionCount
[2021/10/24 11:28:14.943] - eth_getBalance
[2021/10/24 11:28:14.945] - eth_getTransactionCount
[2021/10/24 11:28:14.949] - eth_getBalance
[2021/10/24 11:28:14.951] - eth_getTransactionCount
[2021/10/24 11:28:14.956] - eth_getBalance
[2021/10/24 11:28:14.959] - eth_getTransactionCount
[2021/10/24 11:28:52.465] - net_version
[2021/10/24 11:28:52.493] - eth_blockNumber
[2021/10/24 11:28:52.499] - eth_call
[2021/10/24 11:28:52.624] - eth_call
[2021/10/24 11:28:54.329] - eth_getCode
[2021/10/24 11:28:54.330] - eth_call
[2021/10/24 11:28:55.002] - eth_blockNumber
[2021/10/24 11:28:55.017] - eth_getBalance
[2021/10/24 11:28:55.018] - eth_getBalance
[2021/10/24 11:28:55.270] - eth_gasPrice
[2021/10/24 11:28:55.456] - eth_getTransactionCount
[2021/10/24 11:29:01.306] - eth_sendRawTransaction
[2021/10/24 11:29:01.468] - 
[2021/10/24 11:29:01.468] -   Transaction: 0x7cb68472b22d955d350dd8ed76f6616a36f386cc13fa04ef90a1117d53f6173e
[2021/10/24 11:29:01.468] -   Gas usage: 21046
[2021/10/24 11:29:01.469] -   Block Number: 110
[2021/10/24 11:29:01.469] -   Block Time: Sun Oct 24 2021 11:29:01 GMT-0500 (hora estándar de Colombia)
[2021/10/24 11:29:01.469] -   Runtime Error: revert
[2021/10/24 11:29:01.470] - 
[2021/10/24 11:29:01.471] - eth_getBlockByNumber
[2021/10/24 11:29:01.476] - eth_getBalance
[2021/10/24 11:29:01.478] - eth_getTransactionCount
[2021/10/24 11:29:01.482] - eth_getBalance
[2021/10/24 11:29:01.486] - eth_getTransactionCount
[2021/10/24 11:29:01.492] - eth_getBalance
[2021/10/24 11:29:01.494] - eth_getTransactionCount
[2021/10/24 11:29:01.498] - eth_getBalance
[2021/10/24 11:29:01.504] - eth_getTransactionCount
[2021/10/24 11:29:01.507] - eth_getBalance
[2021/10/24 11:29:01.512] - eth_getTransactionCount
[2021/10/24 11:29:01.515] - eth_getBalance
[2021/10/24 11:29:01.519] - eth_getTransactionCount
[2021/10/24 11:29:01.521] - eth_getBalance
[2021/10/24 11:29:01.525] - eth_getTransactionCount
[2021/10/24 11:29:01.528] - eth_getBalance
[2021/10/24 11:29:01.534] - eth_getTransactionCount
[2021/10/24 11:29:01.538] - eth_getBalance
[2021/10/24 11:29:01.542] - eth_getTransactionCount
[2021/10/24 11:29:01.546] - eth_getBalance
[2021/10/24 11:29:01.549] - eth_getTransactionCount
[2021/10/24 11:29:34.728] - eth_getBlockByNumber
[2021/10/24 11:29:34.747] - eth_getBlockTransactionCountByHash
[2021/10/24 11:29:34.763] - eth_getBlockByNumber
[2021/10/24 11:29:34.780] - eth_getBlockTransactionCountByHash
[2021/10/24 11:29:34.795] - eth_getBlockByNumber
[2021/10/24 11:29:34.812] - eth_getBlockTransactionCountByHash
[2021/10/24 11:29:34.829] - eth_getBlockByNumber
[2021/10/24 11:29:34.843] - eth_getBlockTransactionCountByHash
[2021/10/24 11:29:34.857] - eth_getBlockTransactionCountByHash
[2021/10/24 11:29:34.877] - eth_getBlockByNumber
[2021/10/24 11:29:34.890] - eth_getBlockTransactionCountByHash
[2021/10/24 11:29:34.905] - eth_getBlockByNumber
[2021/10/24 11:29:34.920] - eth_getBlockTransactionCountByHash
[2021/10/24 11:29:34.938] - eth_getBlockByNumber
[2021/10/24 11:29:34.953] - eth_getBlockTransactionCountByHash
[2021/10/24 11:29:34.968] - eth_getBlockByNumber
[2021/10/24 11:29:34.985] - eth_getBlockTransactionCountByHash
[2021/10/24 11:29:35.000] - eth_getBlockByNumber
[2021/10/24 11:29:35.016] - eth_getBlockTransactionCountByHash
[2021/10/24 11:29:35.033] - eth_getBlockByNumber
[2021/10/24 11:29:35.050] - eth_getBlockTransactionCountByHash
[2021/10/24 11:29:35.064] - eth_getBlockByNumber
[2021/10/24 11:29:35.081] - eth_getBlockTransactionCountByHash
[2021/10/24 11:29:35.096] - eth_getBlockByNumber
[2021/10/24 11:29:35.112] - eth_getBlockTransactionCountByHash
[2021/10/24 11:29:35.128] - eth_getBlockByNumber
[2021/10/24 11:29:35.144] - eth_getBlockTransactionCountByHash
[2021/10/24 11:29:35.160] - eth_getBlockByNumber
[2021/10/24 11:29:35.182] - eth_getBlockTransactionCountByHash
[2021/10/24 11:29:35.195] - eth_getBlockByNumber
[2021/10/24 11:29:35.209] - eth_getBlockTransactionCountByHash
[2021/10/24 11:29:35.257] - eth_getBlockByNumber
[2021/10/24 11:29:35.276] - eth_getTransactionReceipt
[2021/10/24 11:29:35.290] - eth_getBlockByNumber
[2021/10/24 11:29:35.305] - eth_getTransactionReceipt
[2021/10/24 11:29:35.324] - eth_getBlockByNumber
[2021/10/24 11:29:35.336] - eth_getTransactionReceipt
[2021/10/24 11:29:35.357] - eth_getTransactionReceipt
[2021/10/24 11:29:35.373] - eth_getTransactionReceipt
[2021/10/24 11:29:35.387] - eth_getTransactionReceipt
[2021/10/24 11:29:35.404] - eth_getTransactionReceipt
[2021/10/24 11:29:35.421] - eth_getTransactionReceipt
[2021/10/24 11:29:35.438] - eth_getTransactionReceipt
[2021/10/24 11:29:35.454] - eth_getTransactionReceipt
[2021/10/24 11:29:35.467] - eth_getTransactionReceipt
[2021/10/24 11:29:37.874] - eth_unsubscribe
[2021/10/24 11:29:37.874] - eth_unsubscribe
