[2021/10/24 11:51:23.514] - Starting server with initial configuration: {"gasLimit":6721975,"gasPrice":20000000000,"hardfork":"muirGlacier","hostname":"127.0.0.1","port":8545,"network_id":5777,"default_balance_ether":100,"total_accounts":10,"unlocked_accounts":[],"locked":false,"vmErrorsOnRPCResponse":true,"verbose":false,"db_path":"C:\\Users\\Sebastian\\AppData\\Roaming\\Ganache\\workspaces\\lab-crypto\\chaindata","logDirectory":"C:\\Users\\Sebastian\\Desktop\\Blockchain project\\logs"}
[2021/10/24 11:51:23.562] - eth_subscribe
[2021/10/24 11:51:23.563] - eth_getLogs
[2021/10/24 11:51:23.564] - eth_subscribe
[2021/10/24 11:51:23.564] - eth_getCode
[2021/10/24 11:51:23.594] - eth_subscribe
[2021/10/24 11:51:23.595] - eth_getLogs
[2021/10/24 11:51:23.595] - eth_subscribe
[2021/10/24 11:51:23.596] - eth_getCode
[2021/10/24 11:51:23.650] - eth_blockNumber
[2021/10/24 11:51:23.651] - eth_accounts
[2021/10/24 11:51:23.651] - eth_gasPrice
[2021/10/24 11:51:23.652] - eth_getBlockByNumber
[2021/10/24 11:51:23.653] - eth_subscribe
[2021/10/24 11:51:23.669] - eth_accounts
[2021/10/24 11:51:23.698] - eth_getBalance
[2021/10/24 11:51:23.703] - eth_getTransactionCount
[2021/10/24 11:51:23.712] - eth_getBalance
[2021/10/24 11:51:23.723] - eth_getTransactionCount
[2021/10/24 11:51:23.729] - eth_getBalance
[2021/10/24 11:51:23.735] - eth_getTransactionCount
[2021/10/24 11:51:23.739] - eth_getBalance
[2021/10/24 11:51:23.744] - eth_getTransactionCount
[2021/10/24 11:51:23.749] - eth_getBalance
[2021/10/24 11:51:23.753] - eth_getTransactionCount
[2021/10/24 11:51:23.764] - eth_getBalance
[2021/10/24 11:51:23.771] - eth_getTransactionCount
[2021/10/24 11:51:23.777] - eth_getBalance
[2021/10/24 11:51:23.783] - eth_getTransactionCount
[2021/10/24 11:51:23.792] - eth_getBalance
[2021/10/24 11:51:23.799] - eth_getTransactionCount
[2021/10/24 11:51:23.799] - eth_getBalance
[2021/10/24 11:51:23.804] - eth_getTransactionCount
[2021/10/24 11:51:23.811] - eth_getBalance
[2021/10/24 11:51:23.816] - eth_getTransactionCount
[2021/10/24 11:51:23.822] - eth_blockNumber
[2021/10/24 11:51:23.823] - eth_accounts
[2021/10/24 11:51:23.823] - eth_gasPrice
[2021/10/24 11:51:23.824] - eth_getBlockByNumber
[2021/10/24 11:51:23.825] - eth_subscribe
[2021/10/24 11:51:23.881] - eth_getTransactionCount
[2021/10/24 11:51:23.887] - eth_getBalance
[2021/10/24 11:51:23.892] - eth_getTransactionCount
[2021/10/24 11:51:23.897] - eth_getBalance
[2021/10/24 11:51:23.902] - eth_getTransactionCount
[2021/10/24 11:51:23.907] - eth_getBalance
[2021/10/24 11:51:23.912] - eth_getTransactionCount
[2021/10/24 11:51:23.918] - eth_getBalance
[2021/10/24 11:51:23.921] - eth_getTransactionCount
[2021/10/24 11:51:23.926] - eth_getBalance
[2021/10/24 11:51:23.931] - eth_getTransactionCount
[2021/10/24 11:51:23.936] - eth_getBalance
[2021/10/24 11:51:23.941] - eth_getTransactionCount
[2021/10/24 11:51:23.945] - eth_getBalance
[2021/10/24 11:51:23.952] - eth_getTransactionCount
[2021/10/24 11:51:23.957] - eth_getBalance
[2021/10/24 11:51:23.964] - eth_getTransactionCount
[2021/10/24 11:51:23.971] - eth_getBalance
[2021/10/24 11:51:23.978] - eth_getTransactionCount
[2021/10/24 11:51:24.025] - eth_getBalance
[2021/10/24 11:51:24.032] - eth_getTransactionCount
[2021/10/24 11:51:24.036] - eth_getBalance
[2021/10/24 11:51:24.039] - eth_getTransactionCount
[2021/10/24 11:51:24.047] - eth_getBalance
[2021/10/24 11:51:24.054] - eth_getTransactionCount
[2021/10/24 11:51:24.066] - eth_getBalance
[2021/10/24 11:51:24.067] - eth_getTransactionCount
[2021/10/24 11:51:24.074] - eth_getBalance
[2021/10/24 11:51:24.088] - eth_getTransactionCount
[2021/10/24 11:51:24.089] - eth_getBalance
[2021/10/24 11:51:24.089] - eth_getTransactionCount
[2021/10/24 11:51:24.095] - eth_getBalance
[2021/10/24 11:51:24.102] - eth_getTransactionCount
[2021/10/24 11:51:24.103] - eth_getBalance
[2021/10/24 11:51:24.107] - eth_getTransactionCount
[2021/10/24 11:51:24.111] - eth_getBalance
[2021/10/24 11:51:24.115] - eth_getTransactionCount
[2021/10/24 11:51:24.119] - eth_getBalance
[2021/10/24 11:51:24.123] - eth_getTransactionCount
[2021/10/24 11:51:24.127] - eth_getBalance
[2021/10/24 11:51:24.134] - eth_getTransactionCount
[2021/10/24 11:51:24.138] - eth_getBalance
[2021/10/24 11:51:24.144] - eth_getTransactionCount
[2021/10/24 11:51:24.148] - eth_getBalance
[2021/10/24 11:51:24.154] - eth_getTransactionCount
[2021/10/24 11:51:24.158] - eth_getBalance
[2021/10/24 11:51:24.162] - eth_getTransactionCount
[2021/10/24 11:51:24.165] - eth_getBalance
[2021/10/24 11:51:24.170] - eth_getTransactionCount
[2021/10/24 11:51:24.176] - eth_getBalance
[2021/10/24 11:51:24.185] - eth_getTransactionCount
[2021/10/24 11:51:24.191] - eth_getBalance
[2021/10/24 11:51:24.201] - eth_getTransactionCount
[2021/10/24 11:51:24.207] - eth_getBalance
[2021/10/24 11:51:24.214] - eth_getTransactionCount
[2021/10/24 11:51:24.220] - eth_getBalance
[2021/10/24 11:51:24.225] - eth_getTransactionCount
[2021/10/24 11:51:24.232] - eth_getBalance
[2021/10/24 11:51:24.239] - eth_getTransactionCount
[2021/10/24 11:51:30.884] - eth_blockNumber
[2021/10/24 11:51:37.778] - eth_blockNumber
[2021/10/24 11:51:37.785] - net_version
[2021/10/24 11:51:37.809] - eth_getBalance
[2021/10/24 11:51:37.817] - eth_getBalance
[2021/10/24 11:51:37.832] - eth_getBlockByNumber
[2021/10/24 11:51:39.853] - eth_blockNumber
[2021/10/24 11:51:43.983] - eth_getBalance
[2021/10/24 11:51:57.820] - eth_blockNumber
[2021/10/24 11:52:10.178] - net_version
[2021/10/24 11:52:10.194] - eth_accounts
[2021/10/24 11:52:10.228] - eth_getBlockByNumber
[2021/10/24 11:52:10.240] - eth_accounts
[2021/10/24 11:52:10.265] - eth_getBlockByNumber
[2021/10/24 11:52:10.283] - net_version
[2021/10/24 11:52:10.297] - eth_getBlockByNumber
[2021/10/24 11:52:10.314] - eth_getBlockByNumber
[2021/10/24 11:52:10.329] - net_version
[2021/10/24 11:52:10.348] - eth_estimateGas
[2021/10/24 11:52:10.557] - eth_getBlockByNumber
[2021/10/24 11:52:10.557] - eth_blockNumber
[2021/10/24 11:52:10.562] - net_version
[2021/10/24 11:52:10.570] - eth_sendTransaction
[2021/10/24 11:52:10.657] - 
[2021/10/24 11:52:10.658] -   Transaction: 0xdbf24d63db6baf22773a5748656da8d0b8e61524a6e962044914bd242ec2426d
[2021/10/24 11:52:10.658] -   Contract created: 0x33b902c8534fcb4d01db0947d37ad476e6c6a7d6
[2021/10/24 11:52:10.658] -   Gas usage: 179719
[2021/10/24 11:52:10.659] -   Block Number: 124
[2021/10/24 11:52:10.659] -   Block Time: Sun Oct 24 2021 11:52:10 GMT-0500 (hora estándar de Colombia)
[2021/10/24 11:52:10.661] - 
[2021/10/24 11:52:10.662] - eth_getBlockByNumber
[2021/10/24 11:52:10.668] - eth_getTransactionReceipt
[2021/10/24 11:52:10.674] - eth_getBalance
[2021/10/24 11:52:10.679] - eth_getTransactionCount
[2021/10/24 11:52:10.681] - eth_getCode
[2021/10/24 11:52:10.693] - eth_getBalance
[2021/10/24 11:52:10.694] - eth_getTransactionCount
[2021/10/24 11:52:10.695] - eth_getBalance
[2021/10/24 11:52:10.711] - eth_getTransactionCount
[2021/10/24 11:52:10.715] - eth_getTransactionByHash
[2021/10/24 11:52:10.718] - eth_getBalance
[2021/10/24 11:52:10.722] - eth_getTransactionCount
[2021/10/24 11:52:10.727] - eth_getBalance
[2021/10/24 11:52:10.730] - eth_getBalance
[2021/10/24 11:52:10.731] - eth_getTransactionCount
[2021/10/24 11:52:10.736] - eth_getBalance
[2021/10/24 11:52:10.739] - eth_getTransactionCount
[2021/10/24 11:52:10.754] - eth_getBalance
[2021/10/24 11:52:10.759] - eth_getTransactionCount
[2021/10/24 11:52:10.763] - eth_getBalance
[2021/10/24 11:52:10.769] - eth_getTransactionCount
[2021/10/24 11:52:10.771] - eth_getBlockByNumber
[2021/10/24 11:52:10.775] - eth_getBalance
[2021/10/24 11:52:10.778] - eth_getTransactionCount
[2021/10/24 11:52:10.783] - eth_getBalance
[2021/10/24 11:52:10.788] - eth_accounts
[2021/10/24 11:52:10.810] - eth_getTransactionCount
[2021/10/24 11:52:10.824] - eth_getBlockByNumber
[2021/10/24 11:52:10.835] - eth_getBlockByNumber
[2021/10/24 11:52:10.850] - eth_getBlockByNumber
[2021/10/24 11:52:10.874] - eth_estimateGas
[2021/10/24 11:52:11.281] - eth_getBlockByNumber
[2021/10/24 11:52:11.281] - eth_blockNumber
[2021/10/24 11:52:11.286] - eth_sendTransaction
[2021/10/24 11:52:11.429] - 
[2021/10/24 11:52:11.429] -   Transaction: 0xb0cd827fac54f2b829ecd9bd77cedf6995bdbc04f3341068304d291cc5c5dc28
[2021/10/24 11:52:11.434] -   Contract created: 0xa734723b6c729dc524d4a9555f47e096ca79c562
[2021/10/24 11:52:11.438] -   Gas usage: 519394
[2021/10/24 11:52:11.441] -   Block Number: 125
[2021/10/24 11:52:11.441] -   Block Time: Sun Oct 24 2021 11:52:11 GMT-0500 (hora estándar de Colombia)
[2021/10/24 11:52:11.442] - 
[2021/10/24 11:52:11.446] - eth_getBlockByNumber
[2021/10/24 11:52:11.451] - eth_getTransactionReceipt
[2021/10/24 11:52:11.469] - eth_getCode
[2021/10/24 11:52:11.486] - eth_getTransactionByHash
[2021/10/24 11:52:11.498] - eth_getBalance
[2021/10/24 11:52:11.590] - eth_getBalance
[2021/10/24 11:52:11.610] - eth_getTransactionCount
[2021/10/24 11:52:11.620] - eth_getBalance
[2021/10/24 11:52:11.629] - eth_getTransactionCount
[2021/10/24 11:52:11.641] - eth_getBalance
[2021/10/24 11:52:11.650] - eth_getTransactionCount
[2021/10/24 11:52:11.660] - eth_getBalance
[2021/10/24 11:52:11.665] - eth_getTransactionCount
[2021/10/24 11:52:11.672] - eth_getBalance
[2021/10/24 11:52:11.680] - eth_getTransactionCount
[2021/10/24 11:52:11.686] - eth_getBalance
[2021/10/24 11:52:11.690] - eth_getTransactionCount
[2021/10/24 11:52:11.697] - eth_getBalance
[2021/10/24 11:52:11.703] - eth_getTransactionCount
[2021/10/24 11:52:11.707] - eth_getBalance
[2021/10/24 11:52:11.713] - eth_getTransactionCount
[2021/10/24 11:52:11.717] - eth_getBalance
[2021/10/24 11:52:11.723] - eth_getTransactionCount
[2021/10/24 11:52:12.360] - eth_getBlockByNumber
[2021/10/24 11:52:12.385] - eth_getTransactionReceipt
[2021/10/24 11:52:12.402] - eth_getBlockByNumber
[2021/10/24 11:52:12.415] - eth_getTransactionReceipt
[2021/10/24 11:52:12.433] - eth_getBlockByNumber
[2021/10/24 11:52:12.446] - eth_getTransactionReceipt
[2021/10/24 11:52:12.466] - eth_getBlockByNumber
[2021/10/24 11:52:12.478] - eth_getTransactionReceipt
[2021/10/24 11:52:12.498] - eth_getBlockByNumber
[2021/10/24 11:52:12.510] - eth_getTransactionReceipt
[2021/10/24 11:52:12.528] - eth_getBlockByNumber
[2021/10/24 11:52:12.540] - eth_getTransactionReceipt
[2021/10/24 11:52:12.560] - eth_getBlockByNumber
[2021/10/24 11:52:12.574] - eth_getTransactionReceipt
[2021/10/24 11:52:12.592] - eth_getBlockByNumber
[2021/10/24 11:52:12.603] - eth_getTransactionReceipt
[2021/10/24 11:52:12.623] - eth_getBlockByNumber
[2021/10/24 11:52:12.634] - eth_getTransactionReceipt
[2021/10/24 11:52:12.653] - eth_getBlockByNumber
[2021/10/24 11:52:12.666] - eth_getTransactionReceipt
[2021/10/24 11:52:12.683] - eth_getBlockByNumber
[2021/10/24 11:52:12.695] - eth_getTransactionReceipt
[2021/10/24 11:52:17.838] - eth_blockNumber
[2021/10/24 11:52:17.858] - eth_getBlockByNumber
[2021/10/24 11:52:17.871] - eth_getBalance
[2021/10/24 11:52:17.871] - eth_getBalance
[2021/10/24 11:52:20.117] - eth_blockNumber
[2021/10/24 11:52:27.330] - eth_getTransactionByHash
[2021/10/24 11:52:27.344] - eth_getBlockByNumber
[2021/10/24 11:52:31.015] - eth_getBalance
[2021/10/24 11:52:31.069] - net_version
[2021/10/24 11:52:31.086] - eth_getCode
[2021/10/24 11:52:31.131] - net_version
[2021/10/24 11:52:31.147] - eth_getCode
[2021/10/24 11:52:31.163] - eth_getBlockByNumber
[2021/10/24 11:52:31.179] - eth_getBalance
[2021/10/24 11:52:31.195] - eth_getTransactionCount
[2021/10/24 11:52:31.211] - eth_getStorageAt
[2021/10/24 11:52:38.176] - eth_blockNumber
[2021/10/24 11:52:40.013] - net_version
[2021/10/24 11:52:40.033] - eth_call
[2021/10/24 11:52:40.153] - eth_call
[2021/10/24 11:52:52.926] - net_version
[2021/10/24 11:53:05.058] - eth_blockNumber
[2021/10/24 11:53:12.832] - net_version
[2021/10/24 11:53:12.849] - eth_call
[2021/10/24 11:53:12.930] - eth_call
[2021/10/24 11:53:14.748] - eth_getCode
[2021/10/24 11:53:14.770] - eth_gasPrice
[2021/10/24 11:53:14.822] - eth_estimateGas
[2021/10/24 11:53:15.419] - eth_blockNumber
[2021/10/24 11:53:15.753] - eth_getTransactionCount
[2021/10/24 11:53:22.296] - eth_sendRawTransaction
[2021/10/24 11:53:22.393] - 
[2021/10/24 11:53:22.393] -   Transaction: 0xd35265fee1ce8c86baaa36f7c20be0a480302ba685a51399fdc9285f7b535922
[2021/10/24 11:53:22.394] -   Gas usage: 21046
[2021/10/24 11:53:22.394] -   Block Number: 126
[2021/10/24 11:53:22.394] -   Block Time: Sun Oct 24 2021 11:53:22 GMT-0500 (hora estándar de Colombia)
[2021/10/24 11:53:22.394] -   Runtime Error: revert
[2021/10/24 11:53:22.395] - 
[2021/10/24 11:53:22.395] - eth_getBlockByNumber
[2021/10/24 11:53:22.415] - eth_getBalance
[2021/10/24 11:53:22.424] - eth_getTransactionCount
[2021/10/24 11:53:22.431] - eth_getBalance
[2021/10/24 11:53:22.439] - eth_getTransactionCount
[2021/10/24 11:53:22.447] - eth_getBalance
[2021/10/24 11:53:22.452] - eth_getTransactionCount
[2021/10/24 11:53:22.458] - eth_getBalance
[2021/10/24 11:53:22.464] - eth_getTransactionCount
[2021/10/24 11:53:22.469] - eth_getBalance
[2021/10/24 11:53:22.477] - eth_getTransactionCount
[2021/10/24 11:53:22.483] - eth_getBalance
[2021/10/24 11:53:22.490] - eth_getTransactionCount
[2021/10/24 11:53:22.495] - eth_getBalance
[2021/10/24 11:53:22.501] - eth_getTransactionCount
[2021/10/24 11:53:22.508] - eth_getBalance
[2021/10/24 11:53:22.514] - eth_getTransactionCount
[2021/10/24 11:53:22.519] - eth_getBalance
[2021/10/24 11:53:22.525] - eth_getTransactionCount
[2021/10/24 11:53:22.532] - eth_getBalance
[2021/10/24 11:53:22.541] - eth_getTransactionCount
[2021/10/24 12:04:35.446] - net_version
[2021/10/24 12:04:35.460] - eth_accounts
[2021/10/24 12:04:35.495] - eth_getBlockByNumber
[2021/10/24 12:04:35.509] - eth_accounts
[2021/10/24 12:04:35.526] - eth_getBlockByNumber
[2021/10/24 12:04:35.537] - net_version
[2021/10/24 12:04:35.551] - eth_getBlockByNumber
[2021/10/24 12:04:35.567] - eth_getBlockByNumber
[2021/10/24 12:04:35.582] - net_version
[2021/10/24 12:04:35.600] - eth_estimateGas
[2021/10/24 12:04:35.804] - eth_getBlockByNumber
[2021/10/24 12:04:35.805] - eth_blockNumber
[2021/10/24 12:04:35.817] - net_version
[2021/10/24 12:04:35.832] - eth_sendTransaction
[2021/10/24 12:04:35.995] - 
[2021/10/24 12:04:35.995] -   Transaction: 0xece709f0da8dda8a3b723bee9a7a0061d4404ac3e7e38a178c4cf32e1d986ab5
[2021/10/24 12:04:35.995] -   Contract created: 0x4bca03bc8ae40d5325e867071e00ff620bcae268
[2021/10/24 12:04:35.996] -   Gas usage: 179719
[2021/10/24 12:04:35.996] -   Block Number: 127
[2021/10/24 12:04:35.996] -   Block Time: Sun Oct 24 2021 12:04:35 GMT-0500 (hora estándar de Colombia)
[2021/10/24 12:04:35.997] - 
[2021/10/24 12:04:35.998] - eth_getBlockByNumber
[2021/10/24 12:04:35.999] - eth_getTransactionReceipt
[2021/10/24 12:04:36.007] - eth_getBalance
[2021/10/24 12:04:36.013] - eth_getTransactionCount
[2021/10/24 12:04:36.016] - eth_getCode
[2021/10/24 12:04:36.019] - eth_getBalance
[2021/10/24 12:04:36.022] - eth_getTransactionByHash
[2021/10/24 12:04:36.025] - eth_getTransactionCount
[2021/10/24 12:04:36.027] - eth_getBalance
[2021/10/24 12:04:36.031] - eth_getBalance
[2021/10/24 12:04:36.041] - eth_getTransactionCount
[2021/10/24 12:04:36.051] - eth_getBlockByNumber
[2021/10/24 12:04:36.057] - eth_getBalance
[2021/10/24 12:04:36.060] - eth_accounts
[2021/10/24 12:04:36.070] - eth_getBlockByNumber
[2021/10/24 12:04:36.072] - eth_getTransactionCount
[2021/10/24 12:04:36.074] - eth_getBlockByNumber
[2021/10/24 12:04:36.079] - eth_getBlockByNumber
[2021/10/24 12:04:36.083] - eth_getBalance
[2021/10/24 12:04:36.086] - eth_estimateGas
[2021/10/24 12:04:36.095] - eth_getTransactionCount
[2021/10/24 12:04:36.103] - eth_getBalance
[2021/10/24 12:04:36.111] - eth_getTransactionCount
[2021/10/24 12:04:36.119] - eth_getBalance
[2021/10/24 12:04:36.126] - eth_getTransactionCount
[2021/10/24 12:04:36.138] - eth_getBalance
[2021/10/24 12:04:36.145] - eth_getTransactionCount
[2021/10/24 12:04:36.152] - eth_getBalance
[2021/10/24 12:04:36.159] - eth_getTransactionCount
[2021/10/24 12:04:36.166] - eth_getBalance
[2021/10/24 12:04:36.170] - eth_getTransactionCount
[2021/10/24 12:04:36.393] - eth_getBlockByNumber
[2021/10/24 12:04:36.395] - eth_blockNumber
[2021/10/24 12:04:36.549] - eth_sendTransaction
[2021/10/24 12:04:36.740] - 
[2021/10/24 12:04:36.741] -   Transaction: 0xddb0237a5fcb4a7be81adf882602e51f6a6098b5009054c45632c594f0176f2c
[2021/10/24 12:04:36.741] -   Contract created: 0x9d0688aa184123d425e801a37588bb2fc364db59
[2021/10/24 12:04:36.741] -   Gas usage: 610463
[2021/10/24 12:04:36.742] -   Block Number: 128
[2021/10/24 12:04:36.742] -   Block Time: Sun Oct 24 2021 12:04:36 GMT-0500 (hora estándar de Colombia)
[2021/10/24 12:04:36.742] - 
[2021/10/24 12:04:36.744] - eth_getBlockByNumber
[2021/10/24 12:04:36.748] - eth_getTransactionReceipt
[2021/10/24 12:04:36.758] - eth_getCode
[2021/10/24 12:04:36.775] - eth_getTransactionByHash
[2021/10/24 12:04:36.787] - eth_getBalance
[2021/10/24 12:04:36.837] - eth_getBalance
[2021/10/24 12:04:36.843] - eth_getTransactionCount
[2021/10/24 12:04:36.852] - eth_getBalance
[2021/10/24 12:04:36.860] - eth_getTransactionCount
[2021/10/24 12:04:36.869] - eth_getBalance
[2021/10/24 12:04:36.876] - eth_getTransactionCount
[2021/10/24 12:04:36.886] - eth_getBalance
[2021/10/24 12:04:36.893] - eth_getTransactionCount
[2021/10/24 12:04:36.904] - eth_getBalance
[2021/10/24 12:04:36.910] - eth_getTransactionCount
[2021/10/24 12:04:36.918] - eth_getBalance
[2021/10/24 12:04:36.924] - eth_getTransactionCount
[2021/10/24 12:04:36.935] - eth_getBalance
[2021/10/24 12:04:36.940] - eth_getTransactionCount
[2021/10/24 12:04:36.949] - eth_getBalance
[2021/10/24 12:04:36.962] - eth_getTransactionCount
[2021/10/24 12:04:36.972] - eth_getBalance
[2021/10/24 12:04:36.981] - eth_getTransactionCount
[2021/10/24 12:04:42.080] - eth_unsubscribe
[2021/10/24 12:04:42.081] - eth_unsubscribe
