[2021/10/24 11:39:21.353] - Starting server with initial configuration: {"gasLimit":6721975,"gasPrice":20000000000,"hardfork":"muirGlacier","hostname":"127.0.0.1","port":8545,"network_id":5777,"default_balance_ether":100,"total_accounts":10,"unlocked_accounts":[],"locked":false,"vmErrorsOnRPCResponse":true,"verbose":false,"db_path":"C:\\Users\\Sebastian\\AppData\\Roaming\\Ganache\\workspaces\\lab-crypto\\chaindata","logDirectory":"C:\\Users\\Sebastian\\Desktop\\Blockchain project\\logs"}
[2021/10/24 11:39:21.407] - eth_subscribe
[2021/10/24 11:39:21.407] - eth_getLogs
[2021/10/24 11:39:21.408] - eth_subscribe
[2021/10/24 11:39:21.409] - eth_getCode
[2021/10/24 11:39:21.438] - eth_subscribe
[2021/10/24 11:39:21.439] - eth_getLogs
[2021/10/24 11:39:21.439] - eth_subscribe
[2021/10/24 11:39:21.440] - eth_getCode
[2021/10/24 11:39:21.499] - eth_blockNumber
[2021/10/24 11:39:21.500] - eth_accounts
[2021/10/24 11:39:21.500] - eth_gasPrice
[2021/10/24 11:39:21.501] - eth_getBlockByNumber
[2021/10/24 11:39:21.501] - eth_subscribe
[2021/10/24 11:39:21.501] - eth_blockNumber
[2021/10/24 11:39:21.510] - eth_accounts
[2021/10/24 11:39:21.511] - eth_accounts
[2021/10/24 11:39:21.511] - eth_gasPrice
[2021/10/24 11:39:21.512] - eth_getBlockByNumber
[2021/10/24 11:39:21.526] - eth_getBalance
[2021/10/24 11:39:21.529] - eth_getTransactionCount
[2021/10/24 11:39:21.532] - eth_getBalance
[2021/10/24 11:39:21.535] - eth_getTransactionCount
[2021/10/24 11:39:21.538] - eth_getBalance
[2021/10/24 11:39:21.542] - eth_getTransactionCount
[2021/10/24 11:39:21.544] - eth_getBalance
[2021/10/24 11:39:21.547] - eth_getTransactionCount
[2021/10/24 11:39:21.551] - eth_getBalance
[2021/10/24 11:39:21.553] - eth_getTransactionCount
[2021/10/24 11:39:21.557] - eth_getBalance
[2021/10/24 11:39:21.560] - eth_getTransactionCount
[2021/10/24 11:39:21.563] - eth_getBalance
[2021/10/24 11:39:21.567] - eth_getTransactionCount
[2021/10/24 11:39:21.570] - eth_getBalance
[2021/10/24 11:39:21.573] - eth_getTransactionCount
[2021/10/24 11:39:21.576] - eth_getBalance
[2021/10/24 11:39:21.578] - eth_getTransactionCount
[2021/10/24 11:39:21.581] - eth_getBalance
[2021/10/24 11:39:21.584] - eth_getTransactionCount
[2021/10/24 11:39:21.586] - eth_subscribe
[2021/10/24 11:39:21.641] - eth_getBalance
[2021/10/24 11:39:21.645] - eth_getTransactionCount
[2021/10/24 11:39:21.648] - eth_getBalance
[2021/10/24 11:39:21.651] - eth_getTransactionCount
[2021/10/24 11:39:21.654] - eth_getBalance
[2021/10/24 11:39:21.656] - eth_getTransactionCount
[2021/10/24 11:39:21.660] - eth_getBalance
[2021/10/24 11:39:21.663] - eth_getTransactionCount
[2021/10/24 11:39:21.666] - eth_getBalance
[2021/10/24 11:39:21.668] - eth_getTransactionCount
[2021/10/24 11:39:21.671] - eth_getBalance
[2021/10/24 11:39:21.674] - eth_getTransactionCount
[2021/10/24 11:39:21.677] - eth_getBalance
[2021/10/24 11:39:21.680] - eth_getTransactionCount
[2021/10/24 11:39:21.685] - eth_getBalance
[2021/10/24 11:39:21.688] - eth_getTransactionCount
[2021/10/24 11:39:21.692] - eth_getBalance
[2021/10/24 11:39:21.695] - eth_getTransactionCount
[2021/10/24 11:39:21.705] - eth_getBalance
[2021/10/24 11:39:21.708] - eth_getTransactionCount
[2021/10/24 11:39:21.712] - eth_getBalance
[2021/10/24 11:39:21.714] - eth_getTransactionCount
[2021/10/24 11:39:21.717] - eth_getBalance
[2021/10/24 11:39:21.720] - eth_getTransactionCount
[2021/10/24 11:39:21.723] - eth_getBalance
[2021/10/24 11:39:21.726] - eth_getTransactionCount
[2021/10/24 11:39:21.729] - eth_getBalance
[2021/10/24 11:39:21.731] - eth_getTransactionCount
[2021/10/24 11:39:21.734] - eth_getBalance
[2021/10/24 11:39:21.741] - eth_getTransactionCount
[2021/10/24 11:39:21.741] - eth_getBalance
[2021/10/24 11:39:21.742] - eth_getTransactionCount
[2021/10/24 11:39:21.746] - eth_getBalance
[2021/10/24 11:39:21.749] - eth_getTransactionCount
[2021/10/24 11:39:21.752] - eth_getBalance
[2021/10/24 11:39:21.754] - eth_getTransactionCount
[2021/10/24 11:39:21.757] - eth_getBalance
[2021/10/24 11:39:21.760] - eth_getTransactionCount
[2021/10/24 11:39:21.763] - eth_getBalance
[2021/10/24 11:39:21.766] - eth_getTransactionCount
[2021/10/24 11:39:21.769] - eth_getBalance
[2021/10/24 11:39:21.772] - eth_getTransactionCount
[2021/10/24 11:39:21.775] - eth_getBalance
[2021/10/24 11:39:21.778] - eth_getTransactionCount
[2021/10/24 11:39:21.780] - eth_getBalance
[2021/10/24 11:39:21.783] - eth_getTransactionCount
[2021/10/24 11:39:21.786] - eth_getBalance
[2021/10/24 11:39:21.788] - eth_getTransactionCount
[2021/10/24 11:39:21.791] - eth_getBalance
[2021/10/24 11:39:21.794] - eth_getTransactionCount
[2021/10/24 11:39:21.797] - eth_getBalance
[2021/10/24 11:39:21.801] - eth_getTransactionCount
[2021/10/24 11:39:21.804] - eth_getBalance
[2021/10/24 11:39:21.806] - eth_getTransactionCount
[2021/10/24 11:39:21.809] - eth_getBalance
[2021/10/24 11:39:21.812] - eth_getTransactionCount
[2021/10/24 11:39:21.815] - eth_getBalance
[2021/10/24 11:39:21.817] - eth_getTransactionCount
[2021/10/24 11:39:27.739] - eth_unsubscribe
[2021/10/24 11:39:27.740] - eth_unsubscribe
