[2021/10/16 21:05:32.294] - Starting server with initial configuration: {"gasLimit":6721975,"gasPrice":20000000000,"hardfork":"muirGlacier","hostname":"127.0.0.1","port":7545,"network_id":5777,"default_balance_ether":100,"total_accounts":10,"unlocked_accounts":[],"locked":false,"vmErrorsOnRPCResponse":true,"verbose":false,"db_path":"C:\\Users\\Sebastian\\AppData\\Roaming\\Ganache\\workspaces\\greedy-bells\\chaindata","logDirectory":"C:\\Users\\Sebastian\\Desktop\\Blockchain project\\logs"}
[2021/10/16 21:05:32.564] - eth_subscribe
[2021/10/16 21:05:32.565] - eth_getLogs
[2021/10/16 21:05:32.566] - eth_subscribe
[2021/10/16 21:05:32.575] - eth_subscribe
[2021/10/16 21:05:32.576] - eth_getLogs
[2021/10/16 21:05:32.577] - eth_subscribe
[2021/10/16 21:05:32.634] - eth_blockNumber
[2021/10/16 21:05:32.635] - eth_accounts
[2021/10/16 21:05:32.635] - eth_blockNumber
[2021/10/16 21:05:32.636] - eth_gasPrice
[2021/10/16 21:05:32.636] - eth_accounts
[2021/10/16 21:05:32.637] - eth_getBlockByNumber
[2021/10/16 21:05:32.638] - eth_gasPrice
[2021/10/16 21:05:32.639] - eth_subscribe
[2021/10/16 21:05:32.639] - eth_getBlockByNumber
[2021/10/16 21:05:32.640] - eth_subscribe
[2021/10/16 21:05:32.647] - eth_accounts
[2021/10/16 21:05:32.671] - eth_getBalance
[2021/10/16 21:05:32.675] - eth_getTransactionCount
[2021/10/16 21:05:32.677] - eth_getBalance
[2021/10/16 21:05:32.681] - eth_getTransactionCount
[2021/10/16 21:05:32.684] - eth_getBalance
[2021/10/16 21:05:32.688] - eth_getTransactionCount
[2021/10/16 21:05:32.690] - eth_getBalance
[2021/10/16 21:05:32.692] - eth_getTransactionCount
[2021/10/16 21:05:32.695] - eth_getBalance
[2021/10/16 21:05:32.697] - eth_getTransactionCount
[2021/10/16 21:05:32.701] - eth_getBalance
[2021/10/16 21:05:32.703] - eth_getTransactionCount
[2021/10/16 21:05:32.706] - eth_getBalance
[2021/10/16 21:05:32.709] - eth_getTransactionCount
[2021/10/16 21:05:32.713] - eth_getBalance
[2021/10/16 21:05:32.716] - eth_getTransactionCount
[2021/10/16 21:05:32.719] - eth_getBalance
[2021/10/16 21:05:32.721] - eth_getTransactionCount
[2021/10/16 21:05:32.724] - eth_getBalance
[2021/10/16 21:05:32.727] - eth_getTransactionCount
[2021/10/16 21:05:32.734] - eth_getBalance
[2021/10/16 21:05:32.737] - eth_getTransactionCount
[2021/10/16 21:05:32.740] - eth_getBalance
[2021/10/16 21:05:32.742] - eth_getTransactionCount
[2021/10/16 21:05:32.745] - eth_getBalance
[2021/10/16 21:05:32.746] - eth_getTransactionCount
[2021/10/16 21:05:32.750] - eth_getBalance
[2021/10/16 21:05:32.752] - eth_getTransactionCount
[2021/10/16 21:05:32.755] - eth_getBalance
[2021/10/16 21:05:32.756] - eth_getTransactionCount
[2021/10/16 21:05:32.760] - eth_getBalance
[2021/10/16 21:05:32.762] - eth_getTransactionCount
[2021/10/16 21:05:32.764] - eth_getBalance
[2021/10/16 21:05:32.767] - eth_getTransactionCount
[2021/10/16 21:05:32.770] - eth_getBalance
[2021/10/16 21:05:32.771] - eth_getTransactionCount
[2021/10/16 21:05:32.774] - eth_getBalance
[2021/10/16 21:05:32.776] - eth_getTransactionCount
[2021/10/16 21:05:32.779] - eth_getBalance
[2021/10/16 21:05:32.787] - eth_getTransactionCount
[2021/10/16 21:05:32.788] - eth_getBalance
[2021/10/16 21:05:32.790] - eth_getTransactionCount
[2021/10/16 21:05:32.790] - eth_getBalance
[2021/10/16 21:05:32.791] - eth_getTransactionCount
[2021/10/16 21:05:32.792] - eth_getBalance
[2021/10/16 21:05:32.795] - eth_getTransactionCount
[2021/10/16 21:05:32.797] - eth_getBalance
[2021/10/16 21:05:32.800] - eth_getTransactionCount
[2021/10/16 21:05:32.802] - eth_getBalance
[2021/10/16 21:05:32.805] - eth_getTransactionCount
[2021/10/16 21:05:32.810] - eth_getBalance
[2021/10/16 21:05:32.811] - eth_getTransactionCount
[2021/10/16 21:05:32.814] - eth_getBalance
[2021/10/16 21:05:32.816] - eth_getTransactionCount
[2021/10/16 21:05:32.819] - eth_getBalance
[2021/10/16 21:05:32.821] - eth_getTransactionCount
[2021/10/16 21:05:32.823] - eth_getBalance
[2021/10/16 21:05:32.829] - eth_getTransactionCount
[2021/10/16 21:05:32.832] - eth_getBalance
[2021/10/16 21:05:32.835] - eth_getTransactionCount
[2021/10/16 21:05:32.894] - eth_getBalance
[2021/10/16 21:05:32.896] - eth_getTransactionCount
[2021/10/16 21:05:32.900] - eth_getBalance
[2021/10/16 21:05:32.901] - eth_getTransactionCount
[2021/10/16 21:05:32.903] - eth_getBalance
[2021/10/16 21:05:32.905] - eth_getTransactionCount
[2021/10/16 21:05:32.908] - eth_getBalance
[2021/10/16 21:05:32.910] - eth_getTransactionCount
[2021/10/16 21:05:32.913] - eth_getBalance
[2021/10/16 21:05:32.915] - eth_getTransactionCount
[2021/10/16 21:05:32.917] - eth_getBalance
[2021/10/16 21:05:32.920] - eth_getTransactionCount
[2021/10/16 21:05:32.922] - eth_getBalance
[2021/10/16 21:05:32.924] - eth_getTransactionCount
[2021/10/16 21:05:32.926] - eth_getBalance
[2021/10/16 21:05:32.927] - eth_getTransactionCount
[2021/10/16 21:05:32.930] - eth_getBalance
[2021/10/16 21:05:32.932] - eth_getTransactionCount
[2021/10/16 21:08:30.610] - net_version
[2021/10/16 21:08:30.634] - eth_accounts
[2021/10/16 21:08:30.673] - eth_getBlockByNumber
[2021/10/16 21:08:30.696] - eth_accounts
[2021/10/16 21:08:30.709] - eth_getBlockByNumber
[2021/10/16 21:08:30.721] - net_version
[2021/10/16 21:08:30.735] - eth_getBlockByNumber
[2021/10/16 21:08:30.753] - eth_getBlockByNumber
[2021/10/16 21:08:30.768] - net_version
[2021/10/16 21:08:30.785] - eth_estimateGas
[2021/10/16 21:08:31.035] - eth_getBlockByNumber
[2021/10/16 21:08:31.036] - eth_blockNumber
[2021/10/16 21:08:31.039] - net_version
[2021/10/16 21:08:31.048] - eth_sendTransaction
[2021/10/16 21:08:31.219] - 
[2021/10/16 21:08:31.219] -   Transaction: 0xb64ca973c383af7d64f381d378ff00e97440bafa61f475f5a4b134245972bdfd
[2021/10/16 21:08:31.219] -   Contract created: 0xa82f4e8aa7e691dd0b349daffa368093d5e3486d
[2021/10/16 21:08:31.221] -   Gas usage: 206601
[2021/10/16 21:08:31.221] -   Block Number: 1
[2021/10/16 21:08:31.224] -   Block Time: Sat Oct 16 2021 21:08:31 GMT-0500 (hora est치ndar de Colombia)
[2021/10/16 21:08:31.224] - 
[2021/10/16 21:08:31.227] - eth_getBlockByNumber
[2021/10/16 21:08:31.227] - eth_getBalance
[2021/10/16 21:08:31.228] - eth_getTransactionCount
[2021/10/16 21:08:31.229] - eth_getTransactionReceipt
[2021/10/16 21:08:31.232] - eth_getBalance
[2021/10/16 21:08:31.233] - eth_getTransactionCount
[2021/10/16 21:08:31.239] - eth_getBalance
[2021/10/16 21:08:31.240] - eth_getTransactionCount
[2021/10/16 21:08:31.243] - eth_getBalance
[2021/10/16 21:08:31.245] - eth_getTransactionCount
[2021/10/16 21:08:31.248] - eth_getBalance
[2021/10/16 21:08:31.253] - eth_getCode
[2021/10/16 21:08:31.254] - eth_getTransactionCount
[2021/10/16 21:08:31.256] - eth_getBalance
[2021/10/16 21:08:31.258] - eth_getTransactionCount
[2021/10/16 21:08:31.266] - eth_getBalance
[2021/10/16 21:08:31.269] - eth_getTransactionCount
[2021/10/16 21:08:31.273] - eth_getBalance
[2021/10/16 21:08:31.274] - eth_getTransactionCount
[2021/10/16 21:08:31.275] - eth_getBalance
[2021/10/16 21:08:31.278] - eth_getTransactionByHash
[2021/10/16 21:08:31.279] - eth_getTransactionCount
[2021/10/16 21:08:31.283] - eth_getBalance
[2021/10/16 21:08:31.286] - eth_getTransactionCount
[2021/10/16 21:08:31.332] - eth_getBalance
[2021/10/16 21:08:31.371] - eth_getBlockByNumber
[2021/10/16 21:08:31.389] - eth_accounts
[2021/10/16 21:08:31.414] - eth_getBlockByNumber
[2021/10/16 21:08:31.419] - net_version
[2021/10/16 21:08:31.433] - eth_getBlockByNumber
[2021/10/16 21:08:31.450] - eth_getBlockByNumber
[2021/10/16 21:08:31.465] - net_version
[2021/10/16 21:08:31.480] - eth_estimateGas
[2021/10/16 21:08:31.678] - eth_getBlockByNumber
[2021/10/16 21:08:31.678] - eth_blockNumber
[2021/10/16 21:08:31.684] - net_version
[2021/10/16 21:08:31.698] - eth_sendTransaction
[2021/10/16 21:08:31.857] - 
[2021/10/16 21:08:31.857] -   Transaction: 0xb38cd47a5d55ec830356ce64179c3589d6b46e4b4f1a870d61603c7dd11f4e29
[2021/10/16 21:08:31.857] -   Contract created: 0x51fd4bd704d4834a8896717d142bf9a7963fb708
[2021/10/16 21:08:31.857] -   Gas usage: 88103
[2021/10/16 21:08:31.858] -   Block Number: 2
[2021/10/16 21:08:31.858] -   Block Time: Sat Oct 16 2021 21:08:31 GMT-0500 (hora est치ndar de Colombia)
[2021/10/16 21:08:31.859] - 
[2021/10/16 21:08:31.860] - eth_getBlockByNumber
[2021/10/16 21:08:31.862] - eth_getTransactionReceipt
[2021/10/16 21:08:31.865] - eth_getBalance
[2021/10/16 21:08:31.868] - eth_getTransactionCount
[2021/10/16 21:08:31.871] - eth_getCode
[2021/10/16 21:08:31.871] - eth_getBalance
[2021/10/16 21:08:31.879] - eth_getTransactionCount
[2021/10/16 21:08:31.885] - eth_getTransactionByHash
[2021/10/16 21:08:31.885] - eth_getBalance
[2021/10/16 21:08:31.887] - eth_getTransactionCount
[2021/10/16 21:08:31.892] - eth_getBalance
[2021/10/16 21:08:31.897] - eth_getBalance
[2021/10/16 21:08:31.900] - eth_getTransactionCount
[2021/10/16 21:08:31.903] - eth_getBalance
[2021/10/16 21:08:31.906] - eth_getTransactionCount
[2021/10/16 21:08:31.919] - eth_getBalance
[2021/10/16 21:08:31.931] - eth_getTransactionCount
[2021/10/16 21:08:31.939] - eth_getBalance
[2021/10/16 21:08:31.950] - eth_getTransactionCount
[2021/10/16 21:08:31.959] - eth_getBalance
[2021/10/16 21:08:31.966] - eth_getTransactionCount
[2021/10/16 21:08:31.971] - eth_getBalance
[2021/10/16 21:08:31.974] - eth_getTransactionCount
[2021/10/16 21:08:31.979] - eth_getBalance
[2021/10/16 21:08:31.983] - eth_getTransactionCount
[2021/10/16 21:09:57.253] - net_version
[2021/10/16 21:09:57.266] - eth_accounts
[2021/10/16 21:10:10.174] - eth_getBlockByNumber
[2021/10/16 21:11:41.540] - eth_getBlockByNumber
[2021/10/16 21:11:41.557] - eth_call
[2021/10/16 21:11:55.965] - eth_getBlockByNumber
[2021/10/16 21:11:55.981] - eth_call
[2021/10/16 21:26:31.324] - net_version
[2021/10/16 21:26:31.340] - eth_accounts
[2021/10/16 21:27:09.223] - net_version
[2021/10/16 21:27:09.239] - eth_accounts
[2021/10/16 21:27:09.263] - eth_getBlockByNumber
[2021/10/16 21:27:09.286] - eth_accounts
[2021/10/16 21:27:09.305] - eth_getBlockByNumber
[2021/10/16 21:27:09.313] - net_version
[2021/10/16 21:27:09.328] - eth_getBlockByNumber
[2021/10/16 21:27:09.344] - eth_getBlockByNumber
[2021/10/16 21:27:09.358] - net_version
[2021/10/16 21:27:09.376] - eth_estimateGas
[2021/10/16 21:27:09.608] - eth_getBlockByNumber
[2021/10/16 21:27:09.609] - eth_blockNumber
[2021/10/16 21:27:09.615] - net_version
[2021/10/16 21:27:09.624] - eth_sendTransaction
[2021/10/16 21:27:09.804] - 
[2021/10/16 21:27:09.805] -   Transaction: 0xa643961dfbc7875688ede74b3662a25c203d475eea1b726d58ffdc76a497e35d
[2021/10/16 21:27:09.807] -   Contract created: 0x34852b0d61d3e1f6e179173e477dbad71dda67ef
[2021/10/16 21:27:09.807] -   Gas usage: 206601
[2021/10/16 21:27:09.808] -   Block Number: 3
[2021/10/16 21:27:09.809] -   Block Time: Sat Oct 16 2021 21:27:09 GMT-0500 (hora est치ndar de Colombia)
[2021/10/16 21:27:09.810] - 
[2021/10/16 21:27:09.812] - eth_getBlockByNumber
[2021/10/16 21:27:09.813] - eth_getBalance
[2021/10/16 21:27:09.814] - eth_getTransactionCount
[2021/10/16 21:27:09.822] - eth_getTransactionReceipt
[2021/10/16 21:27:09.823] - eth_getBalance
[2021/10/16 21:27:09.824] - eth_getTransactionCount
[2021/10/16 21:27:09.825] - eth_getBalance
[2021/10/16 21:27:09.826] - eth_getTransactionCount
[2021/10/16 21:27:09.828] - eth_getBalance
[2021/10/16 21:27:09.831] - eth_getTransactionCount
[2021/10/16 21:27:09.835] - eth_getBalance
[2021/10/16 21:27:09.837] - eth_getCode
[2021/10/16 21:27:09.838] - eth_getTransactionCount
[2021/10/16 21:27:09.843] - eth_getBalance
[2021/10/16 21:27:09.846] - eth_getTransactionCount
[2021/10/16 21:27:09.847] - eth_getBalance
[2021/10/16 21:27:09.853] - eth_getTransactionCount
[2021/10/16 21:27:09.854] - eth_getBalance
[2021/10/16 21:27:09.856] - eth_getTransactionCount
[2021/10/16 21:27:09.860] - eth_getTransactionByHash
[2021/10/16 21:27:09.862] - eth_getBalance
[2021/10/16 21:27:09.865] - eth_getTransactionCount
[2021/10/16 21:27:09.873] - eth_getBalance
[2021/10/16 21:27:09.874] - eth_getTransactionCount
[2021/10/16 21:27:09.891] - eth_getBalance
[2021/10/16 21:27:09.968] - eth_getBlockByNumber
[2021/10/16 21:27:09.982] - eth_accounts
[2021/10/16 21:27:09.998] - eth_getBlockByNumber
[2021/10/16 21:27:10.010] - net_version
[2021/10/16 21:27:10.024] - eth_getBlockByNumber
[2021/10/16 21:27:10.041] - eth_getBlockByNumber
[2021/10/16 21:27:10.056] - net_version
[2021/10/16 21:27:10.071] - eth_estimateGas
[2021/10/16 21:27:10.409] - eth_blockNumber
[2021/10/16 21:27:10.409] - eth_getBlockByNumber
[2021/10/16 21:27:10.433] - net_version
[2021/10/16 21:27:10.449] - eth_sendTransaction
[2021/10/16 21:27:10.622] - 
[2021/10/16 21:27:10.623] -   Transaction: 0x3b63bd60bf8726c4073ba72aea7862b4a56aa7093405f10e2cb484cea5793871
[2021/10/16 21:27:10.623] -   Contract created: 0xa99842028cdeb00fd9d92f201eb4e73f36f2ad86
[2021/10/16 21:27:10.623] -   Gas usage: 334076
[2021/10/16 21:27:10.624] -   Block Number: 4
[2021/10/16 21:27:10.624] -   Block Time: Sat Oct 16 2021 21:27:10 GMT-0500 (hora est치ndar de Colombia)
[2021/10/16 21:27:10.624] - 
[2021/10/16 21:27:10.626] - eth_getBlockByNumber
[2021/10/16 21:27:10.627] - eth_getTransactionReceipt
[2021/10/16 21:27:10.627] - eth_getBalance
[2021/10/16 21:27:10.630] - eth_getTransactionCount
[2021/10/16 21:27:10.633] - eth_getBalance
[2021/10/16 21:27:10.637] - eth_getCode
[2021/10/16 21:27:10.639] - eth_getTransactionCount
[2021/10/16 21:27:10.640] - eth_getBalance
[2021/10/16 21:27:10.642] - eth_getTransactionCount
[2021/10/16 21:27:10.646] - eth_getBalance
[2021/10/16 21:27:10.647] - eth_getTransactionByHash
[2021/10/16 21:27:10.648] - eth_getTransactionCount
[2021/10/16 21:27:10.650] - eth_getBalance
[2021/10/16 21:27:10.659] - eth_getTransactionCount
[2021/10/16 21:27:10.659] - eth_getBalance
[2021/10/16 21:27:10.662] - eth_getBalance
[2021/10/16 21:27:10.664] - eth_getTransactionCount
[2021/10/16 21:27:10.668] - eth_getBalance
[2021/10/16 21:27:10.671] - eth_getTransactionCount
[2021/10/16 21:27:10.673] - eth_getBalance
[2021/10/16 21:27:10.677] - eth_getTransactionCount
[2021/10/16 21:27:10.683] - eth_getBalance
[2021/10/16 21:27:10.684] - eth_getTransactionCount
[2021/10/16 21:27:10.690] - eth_getBalance
[2021/10/16 21:27:10.692] - eth_getTransactionCount
[2021/10/16 21:27:22.683] - net_version
[2021/10/16 21:27:22.694] - eth_accounts
[2021/10/16 21:27:35.312] - eth_getBlockByNumber
[2021/10/16 21:29:40.213] - eth_getBlockByNumber
[2021/10/16 21:29:40.236] - eth_call
[2021/10/16 21:30:58.468] - eth_unsubscribe
[2021/10/16 21:30:58.469] - eth_unsubscribe
