[2021/10/23 12:36:18.640] - Starting server with initial configuration: {"gasLimit":6721975,"gasPrice":20000000000,"hardfork":"muirGlacier","hostname":"127.0.0.1","port":7545,"network_id":5777,"default_balance_ether":100,"total_accounts":10,"unlocked_accounts":[],"locked":false,"vmErrorsOnRPCResponse":true,"verbose":false,"db_path":"C:\\Users\\Sebastian\\AppData\\Roaming\\Ganache\\workspaces\\lab-crypto\\chaindata","logDirectory":"C:\\Users\\Sebastian\\Desktop\\Blockchain project\\logs"}
[2021/10/23 12:36:18.770] - eth_getCode
[2021/10/23 12:36:18.772] - eth_subscribe
[2021/10/23 12:36:18.773] - eth_getLogs
[2021/10/23 12:36:18.776] - eth_subscribe
[2021/10/23 12:36:18.802] - eth_getCode
[2021/10/23 12:36:18.811] - eth_subscribe
[2021/10/23 12:36:18.812] - eth_getLogs
[2021/10/23 12:36:18.812] - eth_subscribe
[2021/10/23 12:36:18.952] - eth_blockNumber
[2021/10/23 12:36:18.953] - eth_accounts
[2021/10/23 12:36:18.954] - eth_blockNumber
[2021/10/23 12:36:18.954] - eth_gasPrice
[2021/10/23 12:36:18.955] - eth_accounts
[2021/10/23 12:36:18.956] - eth_getBlockByNumber
[2021/10/23 12:36:18.957] - eth_gasPrice
[2021/10/23 12:36:18.958] - eth_subscribe
[2021/10/23 12:36:18.959] - eth_getBlockByNumber
[2021/10/23 12:36:18.960] - eth_subscribe
[2021/10/23 12:36:18.974] - eth_accounts
[2021/10/23 12:36:19.019] - eth_getBalance
[2021/10/23 12:36:19.023] - eth_getTransactionCount
[2021/10/23 12:36:19.028] - eth_getBalance
[2021/10/23 12:36:19.039] - eth_getTransactionCount
[2021/10/23 12:36:19.043] - eth_getBalance
[2021/10/23 12:36:19.053] - eth_getTransactionCount
[2021/10/23 12:36:19.057] - eth_getBalance
[2021/10/23 12:36:19.063] - eth_getTransactionCount
[2021/10/23 12:36:19.069] - eth_getBalance
[2021/10/23 12:36:19.074] - eth_getTransactionCount
[2021/10/23 12:36:19.079] - eth_getBalance
[2021/10/23 12:36:19.084] - eth_getTransactionCount
[2021/10/23 12:36:19.087] - eth_getBalance
[2021/10/23 12:36:19.090] - eth_getTransactionCount
[2021/10/23 12:36:19.098] - eth_getBalance
[2021/10/23 12:36:19.101] - eth_getTransactionCount
[2021/10/23 12:36:19.104] - eth_getBalance
[2021/10/23 12:36:19.112] - eth_getTransactionCount
[2021/10/23 12:36:19.115] - eth_getBalance
[2021/10/23 12:36:19.117] - eth_getTransactionCount
[2021/10/23 12:36:19.125] - eth_getBalance
[2021/10/23 12:36:19.131] - eth_getTransactionCount
[2021/10/23 12:36:19.135] - eth_getBalance
[2021/10/23 12:36:19.138] - eth_getTransactionCount
[2021/10/23 12:36:19.144] - eth_getBalance
[2021/10/23 12:36:19.148] - eth_getTransactionCount
[2021/10/23 12:36:19.155] - eth_getBalance
[2021/10/23 12:36:19.158] - eth_getTransactionCount
[2021/10/23 12:36:19.163] - eth_getBalance
[2021/10/23 12:36:19.168] - eth_getTransactionCount
[2021/10/23 12:36:19.171] - eth_getBalance
[2021/10/23 12:36:19.176] - eth_getTransactionCount
[2021/10/23 12:36:19.183] - eth_getBalance
[2021/10/23 12:36:19.186] - eth_getTransactionCount
[2021/10/23 12:36:19.189] - eth_getBalance
[2021/10/23 12:36:19.192] - eth_getTransactionCount
[2021/10/23 12:36:19.199] - eth_getBalance
[2021/10/23 12:36:19.202] - eth_getTransactionCount
[2021/10/23 12:36:19.205] - eth_getBalance
[2021/10/23 12:36:19.208] - eth_getTransactionCount
[2021/10/23 12:36:19.214] - eth_getBalance
[2021/10/23 12:36:19.219] - eth_getTransactionCount
[2021/10/23 12:36:19.223] - eth_getBalance
[2021/10/23 12:36:19.230] - eth_getTransactionCount
[2021/10/23 12:36:19.234] - eth_getBalance
[2021/10/23 12:36:19.240] - eth_getTransactionCount
[2021/10/23 12:36:19.247] - eth_getBalance
[2021/10/23 12:36:19.250] - eth_getTransactionCount
[2021/10/23 12:36:19.253] - eth_getBalance
[2021/10/23 12:36:19.257] - eth_getTransactionCount
[2021/10/23 12:36:19.289] - eth_getBalance
[2021/10/23 12:36:19.289] - eth_getTransactionCount
[2021/10/23 12:36:19.291] - eth_getBalance
[2021/10/23 12:36:19.292] - eth_getTransactionCount
[2021/10/23 12:36:19.295] - eth_getBalance
[2021/10/23 12:36:19.296] - eth_getTransactionCount
[2021/10/23 12:36:19.298] - eth_getBalance
[2021/10/23 12:36:19.299] - eth_getTransactionCount
[2021/10/23 12:36:19.300] - eth_getBalance
[2021/10/23 12:36:19.302] - eth_getTransactionCount
[2021/10/23 12:36:19.343] - eth_getBalance
[2021/10/23 12:36:19.347] - eth_getTransactionCount
[2021/10/23 12:36:19.352] - eth_getBalance
[2021/10/23 12:36:19.355] - eth_getTransactionCount
[2021/10/23 12:36:19.358] - eth_getBalance
[2021/10/23 12:36:19.362] - eth_getTransactionCount
[2021/10/23 12:36:19.365] - eth_getBalance
[2021/10/23 12:36:19.369] - eth_getTransactionCount
[2021/10/23 12:36:19.374] - eth_getBalance
[2021/10/23 12:36:19.374] - eth_getTransactionCount
[2021/10/23 12:36:19.378] - eth_getBalance
[2021/10/23 12:36:19.382] - eth_getTransactionCount
[2021/10/23 12:36:19.385] - eth_getBalance
[2021/10/23 12:36:19.389] - eth_getTransactionCount
[2021/10/23 12:36:19.389] - eth_getBalance
[2021/10/23 12:36:19.404] - eth_getTransactionCount
[2021/10/23 12:36:19.405] - eth_getBalance
[2021/10/23 12:36:19.407] - eth_getTransactionCount
[2021/10/23 12:36:19.412] - eth_getBalance
[2021/10/23 12:36:19.419] - eth_getTransactionCount
[2021/10/23 12:38:05.607] - net_version
[2021/10/23 12:38:05.616] - eth_accounts
[2021/10/23 12:38:05.645] - eth_getBlockByNumber
[2021/10/23 12:38:05.668] - eth_accounts
[2021/10/23 12:38:05.721] - eth_getBlockByNumber
[2021/10/23 12:38:05.734] - net_version
[2021/10/23 12:38:05.747] - eth_getBlockByNumber
[2021/10/23 12:38:05.753] - eth_getBlockByNumber
[2021/10/23 12:38:05.763] - net_version
[2021/10/23 12:38:05.780] - eth_estimateGas
[2021/10/23 12:38:06.008] - eth_getBlockByNumber
[2021/10/23 12:38:06.008] - eth_blockNumber
[2021/10/23 12:38:06.019] - net_version
[2021/10/23 12:38:06.033] - eth_sendTransaction
[2021/10/23 12:38:06.187] - 
[2021/10/23 12:38:06.188] -   Transaction: 0xf712ff123b42f8e944d59dfd75260df757937bb09056211bebcfd1d766c6b9c4
[2021/10/23 12:38:06.188] -   Contract created: 0xd863a1272239a8223bf782ffe8b509177908c335
[2021/10/23 12:38:06.189] -   Gas usage: 206601
[2021/10/23 12:38:06.190] -   Block Number: 5
[2021/10/23 12:38:06.193] -   Block Time: Sat Oct 23 2021 12:38:06 GMT-0500 (hora estándar de Colombia)
[2021/10/23 12:38:06.193] - 
[2021/10/23 12:38:06.196] - eth_getBlockByNumber
[2021/10/23 12:38:06.197] - eth_getBalance
[2021/10/23 12:38:06.198] - eth_getTransactionReceipt
[2021/10/23 12:38:06.202] - eth_getTransactionCount
[2021/10/23 12:38:06.203] - eth_getBalance
[2021/10/23 12:38:06.207] - eth_getTransactionCount
[2021/10/23 12:38:06.213] - eth_getBalance
[2021/10/23 12:38:06.228] - eth_getTransactionCount
[2021/10/23 12:38:06.228] - eth_getBalance
[2021/10/23 12:38:06.229] - eth_getCode
[2021/10/23 12:38:06.232] - eth_getTransactionCount
[2021/10/23 12:38:06.236] - eth_getBalance
[2021/10/23 12:38:06.239] - eth_getTransactionCount
[2021/10/23 12:38:06.240] - eth_getBalance
[2021/10/23 12:38:06.246] - eth_getTransactionCount
[2021/10/23 12:38:06.248] - eth_getBalance
[2021/10/23 12:38:06.252] - eth_getTransactionCount
[2021/10/23 12:38:06.254] - eth_getBalance
[2021/10/23 12:38:06.258] - eth_getTransactionByHash
[2021/10/23 12:38:06.259] - eth_getTransactionCount
[2021/10/23 12:38:06.261] - eth_getBalance
[2021/10/23 12:38:06.268] - eth_getTransactionCount
[2021/10/23 12:38:06.272] - eth_getBalance
[2021/10/23 12:38:06.276] - eth_getTransactionCount
[2021/10/23 12:38:06.306] - eth_getBalance
[2021/10/23 12:38:06.367] - eth_getBlockByNumber
[2021/10/23 12:38:06.380] - eth_accounts
[2021/10/23 12:38:06.405] - eth_getBlockByNumber
[2021/10/23 12:38:06.409] - eth_getBlockByNumber
[2021/10/23 12:38:06.425] - eth_getBlockByNumber
[2021/10/23 12:38:06.442] - eth_estimateGas
[2021/10/23 12:38:06.758] - eth_blockNumber
[2021/10/23 12:38:06.759] - eth_getBlockByNumber
[2021/10/23 12:38:06.772] - eth_sendTransaction
[2021/10/23 12:38:06.934] - 
[2021/10/23 12:38:06.935] -   Transaction: 0x6d2bce91c9b70e8012688c9302f4b657edb1daf32cd1f7587296f083a5819e80
[2021/10/23 12:38:06.935] -   Contract created: 0xe7c32fae8de2c6b20c233af56d1879c19baa8817
[2021/10/23 12:38:06.935] -   Gas usage: 334076
[2021/10/23 12:38:06.936] -   Block Number: 6
[2021/10/23 12:38:06.936] -   Block Time: Sat Oct 23 2021 12:38:06 GMT-0500 (hora estándar de Colombia)
[2021/10/23 12:38:06.938] - 
[2021/10/23 12:38:06.940] - eth_getBlockByNumber
[2021/10/23 12:38:06.941] - eth_getTransactionReceipt
[2021/10/23 12:38:06.942] - eth_getBalance
[2021/10/23 12:38:06.945] - eth_getTransactionCount
[2021/10/23 12:38:06.945] - eth_getBalance
[2021/10/23 12:38:06.948] - eth_getTransactionCount
[2021/10/23 12:38:06.952] - eth_getCode
[2021/10/23 12:38:06.953] - eth_getBalance
[2021/10/23 12:38:06.955] - eth_getTransactionCount
[2021/10/23 12:38:06.970] - eth_getBalance
[2021/10/23 12:38:06.971] - eth_getTransactionCount
[2021/10/23 12:38:06.974] - eth_getBalance
[2021/10/23 12:38:06.975] - eth_getTransactionCount
[2021/10/23 12:38:06.977] - eth_getTransactionByHash
[2021/10/23 12:38:06.978] - eth_getBalance
[2021/10/23 12:38:06.982] - eth_getTransactionCount
[2021/10/23 12:38:06.985] - eth_getBalance
[2021/10/23 12:38:06.989] - eth_getTransactionCount
[2021/10/23 12:38:06.994] - eth_getBalance
[2021/10/23 12:38:06.995] - eth_getBalance
[2021/10/23 12:38:06.998] - eth_getTransactionCount
[2021/10/23 12:38:07.002] - eth_getBalance
[2021/10/23 12:38:07.005] - eth_getTransactionCount
[2021/10/23 12:38:07.009] - eth_getBalance
[2021/10/23 12:38:07.014] - eth_getTransactionCount
[2021/10/23 12:39:49.042] - eth_unsubscribe
[2021/10/23 12:39:49.043] - eth_unsubscribe
